Start testing: Sep 08 14:02 CDT
----------------------------------------------------------
1/200 Testing: test_array
1/200 Test: test_array
Command: "/Users/laurenceburden/Documents/ASU/Artificial Intelligence/Assignement 1/jansson-2.13/build/bin/test_array" "WORKING_DIRECTORY" "/Users/laurenceburden/Documents/ASU/Artificial Intelligence/Assignement 1/jansson-2.13/build/tmp"
Directory: /Users/laurenceburden/Documents/ASU/Artificial Intelligence/Assignement 1/jansson-2.13/build
"test_array" start time: Sep 08 14:02 CDT
Output:
----------------------------------------------------------
<end of output>
Test time =   0.22 sec
----------------------------------------------------------
Test Passed.
"test_array" end time: Sep 08 14:02 CDT
"test_array" time elapsed: 00:00:00
----------------------------------------------------------

2/200 Testing: test_copy
2/200 Test: test_copy
Command: "/Users/laurenceburden/Documents/ASU/Artificial Intelligence/Assignement 1/jansson-2.13/build/bin/test_copy" "WORKING_DIRECTORY" "/Users/laurenceburden/Documents/ASU/Artificial Intelligence/Assignement 1/jansson-2.13/build/tmp"
Directory: /Users/laurenceburden/Documents/ASU/Artificial Intelligence/Assignement 1/jansson-2.13/build
"test_copy" start time: Sep 08 14:02 CDT
Output:
----------------------------------------------------------
<end of output>
Test time =   0.22 sec
----------------------------------------------------------
Test Passed.
"test_copy" end time: Sep 08 14:02 CDT
"test_copy" time elapsed: 00:00:00
----------------------------------------------------------

3/200 Testing: test_chaos
3/200 Test: test_chaos
Command: "/Users/laurenceburden/Documents/ASU/Artificial Intelligence/Assignement 1/jansson-2.13/build/bin/test_chaos" "WORKING_DIRECTORY" "/Users/laurenceburden/Documents/ASU/Artificial Intelligence/Assignement 1/jansson-2.13/build/tmp"
Directory: /Users/laurenceburden/Documents/ASU/Artificial Intelligence/Assignement 1/jansson-2.13/build
"test_chaos" start time: Sep 08 14:02 CDT
Output:
----------------------------------------------------------
<end of output>
Test time =   0.23 sec
----------------------------------------------------------
Test Passed.
"test_chaos" end time: Sep 08 14:02 CDT
"test_chaos" time elapsed: 00:00:00
----------------------------------------------------------

4/200 Testing: test_dump
4/200 Test: test_dump
Command: "/Users/laurenceburden/Documents/ASU/Artificial Intelligence/Assignement 1/jansson-2.13/build/bin/test_dump" "WORKING_DIRECTORY" "/Users/laurenceburden/Documents/ASU/Artificial Intelligence/Assignement 1/jansson-2.13/build/tmp"
Directory: /Users/laurenceburden/Documents/ASU/Artificial Intelligence/Assignement 1/jansson-2.13/build
"test_dump" start time: Sep 08 14:02 CDT
Output:
----------------------------------------------------------
<end of output>
Test time =   0.22 sec
----------------------------------------------------------
Test Passed.
"test_dump" end time: Sep 08 14:02 CDT
"test_dump" time elapsed: 00:00:00
----------------------------------------------------------

5/200 Testing: test_dump_callback
5/200 Test: test_dump_callback
Command: "/Users/laurenceburden/Documents/ASU/Artificial Intelligence/Assignement 1/jansson-2.13/build/bin/test_dump_callback" "WORKING_DIRECTORY" "/Users/laurenceburden/Documents/ASU/Artificial Intelligence/Assignement 1/jansson-2.13/build/tmp"
Directory: /Users/laurenceburden/Documents/ASU/Artificial Intelligence/Assignement 1/jansson-2.13/build
"test_dump_callback" start time: Sep 08 14:02 CDT
Output:
----------------------------------------------------------
<end of output>
Test time =   0.21 sec
----------------------------------------------------------
Test Passed.
"test_dump_callback" end time: Sep 08 14:02 CDT
"test_dump_callback" time elapsed: 00:00:00
----------------------------------------------------------

6/200 Testing: test_equal
6/200 Test: test_equal
Command: "/Users/laurenceburden/Documents/ASU/Artificial Intelligence/Assignement 1/jansson-2.13/build/bin/test_equal" "WORKING_DIRECTORY" "/Users/laurenceburden/Documents/ASU/Artificial Intelligence/Assignement 1/jansson-2.13/build/tmp"
Directory: /Users/laurenceburden/Documents/ASU/Artificial Intelligence/Assignement 1/jansson-2.13/build
"test_equal" start time: Sep 08 14:02 CDT
Output:
----------------------------------------------------------
<end of output>
Test time =   0.23 sec
----------------------------------------------------------
Test Passed.
"test_equal" end time: Sep 08 14:02 CDT
"test_equal" time elapsed: 00:00:00
----------------------------------------------------------

7/200 Testing: test_load
7/200 Test: test_load
Command: "/Users/laurenceburden/Documents/ASU/Artificial Intelligence/Assignement 1/jansson-2.13/build/bin/test_load" "WORKING_DIRECTORY" "/Users/laurenceburden/Documents/ASU/Artificial Intelligence/Assignement 1/jansson-2.13/build/tmp"
Directory: /Users/laurenceburden/Documents/ASU/Artificial Intelligence/Assignement 1/jansson-2.13/build
"test_load" start time: Sep 08 14:02 CDT
Output:
----------------------------------------------------------
<end of output>
Test time =   0.21 sec
----------------------------------------------------------
Test Passed.
"test_load" end time: Sep 08 14:02 CDT
"test_load" time elapsed: 00:00:00
----------------------------------------------------------

8/200 Testing: test_loadb
8/200 Test: test_loadb
Command: "/Users/laurenceburden/Documents/ASU/Artificial Intelligence/Assignement 1/jansson-2.13/build/bin/test_loadb" "WORKING_DIRECTORY" "/Users/laurenceburden/Documents/ASU/Artificial Intelligence/Assignement 1/jansson-2.13/build/tmp"
Directory: /Users/laurenceburden/Documents/ASU/Artificial Intelligence/Assignement 1/jansson-2.13/build
"test_loadb" start time: Sep 08 14:02 CDT
Output:
----------------------------------------------------------
<end of output>
Test time =   0.22 sec
----------------------------------------------------------
Test Passed.
"test_loadb" end time: Sep 08 14:02 CDT
"test_loadb" time elapsed: 00:00:00
----------------------------------------------------------

9/200 Testing: test_load_callback
9/200 Test: test_load_callback
Command: "/Users/laurenceburden/Documents/ASU/Artificial Intelligence/Assignement 1/jansson-2.13/build/bin/test_load_callback" "WORKING_DIRECTORY" "/Users/laurenceburden/Documents/ASU/Artificial Intelligence/Assignement 1/jansson-2.13/build/tmp"
Directory: /Users/laurenceburden/Documents/ASU/Artificial Intelligence/Assignement 1/jansson-2.13/build
"test_load_callback" start time: Sep 08 14:02 CDT
Output:
----------------------------------------------------------
<end of output>
Test time =   0.22 sec
----------------------------------------------------------
Test Passed.
"test_load_callback" end time: Sep 08 14:02 CDT
"test_load_callback" time elapsed: 00:00:00
----------------------------------------------------------

10/200 Testing: test_number
10/200 Test: test_number
Command: "/Users/laurenceburden/Documents/ASU/Artificial Intelligence/Assignement 1/jansson-2.13/build/bin/test_number" "WORKING_DIRECTORY" "/Users/laurenceburden/Documents/ASU/Artificial Intelligence/Assignement 1/jansson-2.13/build/tmp"
Directory: /Users/laurenceburden/Documents/ASU/Artificial Intelligence/Assignement 1/jansson-2.13/build
"test_number" start time: Sep 08 14:02 CDT
Output:
----------------------------------------------------------
<end of output>
Test time =   0.22 sec
----------------------------------------------------------
Test Passed.
"test_number" end time: Sep 08 14:02 CDT
"test_number" time elapsed: 00:00:00
----------------------------------------------------------

11/200 Testing: test_object
11/200 Test: test_object
Command: "/Users/laurenceburden/Documents/ASU/Artificial Intelligence/Assignement 1/jansson-2.13/build/bin/test_object" "WORKING_DIRECTORY" "/Users/laurenceburden/Documents/ASU/Artificial Intelligence/Assignement 1/jansson-2.13/build/tmp"
Directory: /Users/laurenceburden/Documents/ASU/Artificial Intelligence/Assignement 1/jansson-2.13/build
"test_object" start time: Sep 08 14:02 CDT
Output:
----------------------------------------------------------
<end of output>
Test time =   0.22 sec
----------------------------------------------------------
Test Passed.
"test_object" end time: Sep 08 14:02 CDT
"test_object" time elapsed: 00:00:00
----------------------------------------------------------

12/200 Testing: test_pack
12/200 Test: test_pack
Command: "/Users/laurenceburden/Documents/ASU/Artificial Intelligence/Assignement 1/jansson-2.13/build/bin/test_pack" "WORKING_DIRECTORY" "/Users/laurenceburden/Documents/ASU/Artificial Intelligence/Assignement 1/jansson-2.13/build/tmp"
Directory: /Users/laurenceburden/Documents/ASU/Artificial Intelligence/Assignement 1/jansson-2.13/build
"test_pack" start time: Sep 08 14:02 CDT
Output:
----------------------------------------------------------
<end of output>
Test time =   0.22 sec
----------------------------------------------------------
Test Passed.
"test_pack" end time: Sep 08 14:02 CDT
"test_pack" time elapsed: 00:00:00
----------------------------------------------------------

13/200 Testing: test_simple
13/200 Test: test_simple
Command: "/Users/laurenceburden/Documents/ASU/Artificial Intelligence/Assignement 1/jansson-2.13/build/bin/test_simple" "WORKING_DIRECTORY" "/Users/laurenceburden/Documents/ASU/Artificial Intelligence/Assignement 1/jansson-2.13/build/tmp"
Directory: /Users/laurenceburden/Documents/ASU/Artificial Intelligence/Assignement 1/jansson-2.13/build
"test_simple" start time: Sep 08 14:02 CDT
Output:
----------------------------------------------------------
<end of output>
Test time =   0.22 sec
----------------------------------------------------------
Test Passed.
"test_simple" end time: Sep 08 14:02 CDT
"test_simple" time elapsed: 00:00:00
----------------------------------------------------------

14/200 Testing: test_sprintf
14/200 Test: test_sprintf
Command: "/Users/laurenceburden/Documents/ASU/Artificial Intelligence/Assignement 1/jansson-2.13/build/bin/test_sprintf" "WORKING_DIRECTORY" "/Users/laurenceburden/Documents/ASU/Artificial Intelligence/Assignement 1/jansson-2.13/build/tmp"
Directory: /Users/laurenceburden/Documents/ASU/Artificial Intelligence/Assignement 1/jansson-2.13/build
"test_sprintf" start time: Sep 08 14:02 CDT
Output:
----------------------------------------------------------
<end of output>
Test time =   0.22 sec
----------------------------------------------------------
Test Passed.
"test_sprintf" end time: Sep 08 14:02 CDT
"test_sprintf" time elapsed: 00:00:00
----------------------------------------------------------

15/200 Testing: test_unpack
15/200 Test: test_unpack
Command: "/Users/laurenceburden/Documents/ASU/Artificial Intelligence/Assignement 1/jansson-2.13/build/bin/test_unpack" "WORKING_DIRECTORY" "/Users/laurenceburden/Documents/ASU/Artificial Intelligence/Assignement 1/jansson-2.13/build/tmp"
Directory: /Users/laurenceburden/Documents/ASU/Artificial Intelligence/Assignement 1/jansson-2.13/build
"test_unpack" start time: Sep 08 14:02 CDT
Output:
----------------------------------------------------------
<end of output>
Test time =   0.22 sec
----------------------------------------------------------
Test Passed.
"test_unpack" end time: Sep 08 14:02 CDT
"test_unpack" time elapsed: 00:00:00
----------------------------------------------------------

16/200 Testing: test_memory_funcs
16/200 Test: test_memory_funcs
Command: "/Users/laurenceburden/Documents/ASU/Artificial Intelligence/Assignement 1/jansson-2.13/build/bin/test_memory_funcs" "WORKING_DIRECTORY" "/Users/laurenceburden/Documents/ASU/Artificial Intelligence/Assignement 1/jansson-2.13/build/tmp"
Directory: /Users/laurenceburden/Documents/ASU/Artificial Intelligence/Assignement 1/jansson-2.13/build
"test_memory_funcs" start time: Sep 08 14:02 CDT
Output:
----------------------------------------------------------
<end of output>
Test time =   0.21 sec
----------------------------------------------------------
Test Passed.
"test_memory_funcs" end time: Sep 08 14:02 CDT
"test_memory_funcs" time elapsed: 00:00:00
----------------------------------------------------------

17/200 Testing: valid__complex-array
17/200 Test: valid__complex-array
Command: "/Users/laurenceburden/Documents/ASU/Artificial Intelligence/Assignement 1/jansson-2.13/build/bin/json_process" "/Users/laurenceburden/Documents/ASU/Artificial Intelligence/Assignement 1/jansson-2.13/test/suites/valid/complex-array"
Directory: /Users/laurenceburden/Documents/ASU/Artificial Intelligence/Assignement 1/jansson-2.13/build
"valid__complex-array" start time: Sep 08 14:02 CDT
Output:
----------------------------------------------------------
<end of output>
Test time =   0.22 sec
----------------------------------------------------------
Test Passed.
"valid__complex-array" end time: Sep 08 14:02 CDT
"valid__complex-array" time elapsed: 00:00:00
----------------------------------------------------------

18/200 Testing: valid__complex-array__strip
18/200 Test: valid__complex-array__strip
Command: "/Users/laurenceburden/Documents/ASU/Artificial Intelligence/Assignement 1/jansson-2.13/build/bin/json_process" "--strip" "/Users/laurenceburden/Documents/ASU/Artificial Intelligence/Assignement 1/jansson-2.13/test/suites/valid/complex-array"
Directory: /Users/laurenceburden/Documents/ASU/Artificial Intelligence/Assignement 1/jansson-2.13/build
"valid__complex-array__strip" start time: Sep 08 14:02 CDT
Output:
----------------------------------------------------------
<end of output>
Test time =   0.00 sec
----------------------------------------------------------
Test Passed.
"valid__complex-array__strip" end time: Sep 08 14:02 CDT
"valid__complex-array__strip" time elapsed: 00:00:00
----------------------------------------------------------

19/200 Testing: valid__empty-array
19/200 Test: valid__empty-array
Command: "/Users/laurenceburden/Documents/ASU/Artificial Intelligence/Assignement 1/jansson-2.13/build/bin/json_process" "/Users/laurenceburden/Documents/ASU/Artificial Intelligence/Assignement 1/jansson-2.13/test/suites/valid/empty-array"
Directory: /Users/laurenceburden/Documents/ASU/Artificial Intelligence/Assignement 1/jansson-2.13/build
"valid__empty-array" start time: Sep 08 14:02 CDT
Output:
----------------------------------------------------------
<end of output>
Test time =   0.00 sec
----------------------------------------------------------
Test Passed.
"valid__empty-array" end time: Sep 08 14:02 CDT
"valid__empty-array" time elapsed: 00:00:00
----------------------------------------------------------

20/200 Testing: valid__empty-array__strip
20/200 Test: valid__empty-array__strip
Command: "/Users/laurenceburden/Documents/ASU/Artificial Intelligence/Assignement 1/jansson-2.13/build/bin/json_process" "--strip" "/Users/laurenceburden/Documents/ASU/Artificial Intelligence/Assignement 1/jansson-2.13/test/suites/valid/empty-array"
Directory: /Users/laurenceburden/Documents/ASU/Artificial Intelligence/Assignement 1/jansson-2.13/build
"valid__empty-array__strip" start time: Sep 08 14:02 CDT
Output:
----------------------------------------------------------
<end of output>
Test time =   0.00 sec
----------------------------------------------------------
Test Passed.
"valid__empty-array__strip" end time: Sep 08 14:02 CDT
"valid__empty-array__strip" time elapsed: 00:00:00
----------------------------------------------------------

21/200 Testing: valid__empty-object
21/200 Test: valid__empty-object
Command: "/Users/laurenceburden/Documents/ASU/Artificial Intelligence/Assignement 1/jansson-2.13/build/bin/json_process" "/Users/laurenceburden/Documents/ASU/Artificial Intelligence/Assignement 1/jansson-2.13/test/suites/valid/empty-object"
Directory: /Users/laurenceburden/Documents/ASU/Artificial Intelligence/Assignement 1/jansson-2.13/build
"valid__empty-object" start time: Sep 08 14:02 CDT
Output:
----------------------------------------------------------
<end of output>
Test time =   0.00 sec
----------------------------------------------------------
Test Passed.
"valid__empty-object" end time: Sep 08 14:02 CDT
"valid__empty-object" time elapsed: 00:00:00
----------------------------------------------------------

22/200 Testing: valid__empty-object__strip
22/200 Test: valid__empty-object__strip
Command: "/Users/laurenceburden/Documents/ASU/Artificial Intelligence/Assignement 1/jansson-2.13/build/bin/json_process" "--strip" "/Users/laurenceburden/Documents/ASU/Artificial Intelligence/Assignement 1/jansson-2.13/test/suites/valid/empty-object"
Directory: /Users/laurenceburden/Documents/ASU/Artificial Intelligence/Assignement 1/jansson-2.13/build
"valid__empty-object__strip" start time: Sep 08 14:02 CDT
Output:
----------------------------------------------------------
<end of output>
Test time =   0.00 sec
----------------------------------------------------------
Test Passed.
"valid__empty-object__strip" end time: Sep 08 14:02 CDT
"valid__empty-object__strip" time elapsed: 00:00:00
----------------------------------------------------------

23/200 Testing: valid__empty-object-in-array
23/200 Test: valid__empty-object-in-array
Command: "/Users/laurenceburden/Documents/ASU/Artificial Intelligence/Assignement 1/jansson-2.13/build/bin/json_process" "/Users/laurenceburden/Documents/ASU/Artificial Intelligence/Assignement 1/jansson-2.13/test/suites/valid/empty-object-in-array"
Directory: /Users/laurenceburden/Documents/ASU/Artificial Intelligence/Assignement 1/jansson-2.13/build
"valid__empty-object-in-array" start time: Sep 08 14:02 CDT
Output:
----------------------------------------------------------
<end of output>
Test time =   0.00 sec
----------------------------------------------------------
Test Passed.
"valid__empty-object-in-array" end time: Sep 08 14:02 CDT
"valid__empty-object-in-array" time elapsed: 00:00:00
----------------------------------------------------------

24/200 Testing: valid__empty-object-in-array__strip
24/200 Test: valid__empty-object-in-array__strip
Command: "/Users/laurenceburden/Documents/ASU/Artificial Intelligence/Assignement 1/jansson-2.13/build/bin/json_process" "--strip" "/Users/laurenceburden/Documents/ASU/Artificial Intelligence/Assignement 1/jansson-2.13/test/suites/valid/empty-object-in-array"
Directory: /Users/laurenceburden/Documents/ASU/Artificial Intelligence/Assignement 1/jansson-2.13/build
"valid__empty-object-in-array__strip" start time: Sep 08 14:02 CDT
Output:
----------------------------------------------------------
<end of output>
Test time =   0.00 sec
----------------------------------------------------------
Test Passed.
"valid__empty-object-in-array__strip" end time: Sep 08 14:02 CDT
"valid__empty-object-in-array__strip" time elapsed: 00:00:00
----------------------------------------------------------

25/200 Testing: valid__empty-string
25/200 Test: valid__empty-string
Command: "/Users/laurenceburden/Documents/ASU/Artificial Intelligence/Assignement 1/jansson-2.13/build/bin/json_process" "/Users/laurenceburden/Documents/ASU/Artificial Intelligence/Assignement 1/jansson-2.13/test/suites/valid/empty-string"
Directory: /Users/laurenceburden/Documents/ASU/Artificial Intelligence/Assignement 1/jansson-2.13/build
"valid__empty-string" start time: Sep 08 14:02 CDT
Output:
----------------------------------------------------------
<end of output>
Test time =   0.00 sec
----------------------------------------------------------
Test Passed.
"valid__empty-string" end time: Sep 08 14:02 CDT
"valid__empty-string" time elapsed: 00:00:00
----------------------------------------------------------

26/200 Testing: valid__empty-string__strip
26/200 Test: valid__empty-string__strip
Command: "/Users/laurenceburden/Documents/ASU/Artificial Intelligence/Assignement 1/jansson-2.13/build/bin/json_process" "--strip" "/Users/laurenceburden/Documents/ASU/Artificial Intelligence/Assignement 1/jansson-2.13/test/suites/valid/empty-string"
Directory: /Users/laurenceburden/Documents/ASU/Artificial Intelligence/Assignement 1/jansson-2.13/build
"valid__empty-string__strip" start time: Sep 08 14:02 CDT
Output:
----------------------------------------------------------
<end of output>
Test time =   0.00 sec
----------------------------------------------------------
Test Passed.
"valid__empty-string__strip" end time: Sep 08 14:02 CDT
"valid__empty-string__strip" time elapsed: 00:00:00
----------------------------------------------------------

27/200 Testing: valid__escaped-utf-control-char
27/200 Test: valid__escaped-utf-control-char
Command: "/Users/laurenceburden/Documents/ASU/Artificial Intelligence/Assignement 1/jansson-2.13/build/bin/json_process" "/Users/laurenceburden/Documents/ASU/Artificial Intelligence/Assignement 1/jansson-2.13/test/suites/valid/escaped-utf-control-char"
Directory: /Users/laurenceburden/Documents/ASU/Artificial Intelligence/Assignement 1/jansson-2.13/build
"valid__escaped-utf-control-char" start time: Sep 08 14:02 CDT
Output:
----------------------------------------------------------
<end of output>
Test time =   0.00 sec
----------------------------------------------------------
Test Passed.
"valid__escaped-utf-control-char" end time: Sep 08 14:02 CDT
"valid__escaped-utf-control-char" time elapsed: 00:00:00
----------------------------------------------------------

28/200 Testing: valid__escaped-utf-control-char__strip
28/200 Test: valid__escaped-utf-control-char__strip
Command: "/Users/laurenceburden/Documents/ASU/Artificial Intelligence/Assignement 1/jansson-2.13/build/bin/json_process" "--strip" "/Users/laurenceburden/Documents/ASU/Artificial Intelligence/Assignement 1/jansson-2.13/test/suites/valid/escaped-utf-control-char"
Directory: /Users/laurenceburden/Documents/ASU/Artificial Intelligence/Assignement 1/jansson-2.13/build
"valid__escaped-utf-control-char__strip" start time: Sep 08 14:02 CDT
Output:
----------------------------------------------------------
<end of output>
Test time =   0.00 sec
----------------------------------------------------------
Test Passed.
"valid__escaped-utf-control-char__strip" end time: Sep 08 14:02 CDT
"valid__escaped-utf-control-char__strip" time elapsed: 00:00:00
----------------------------------------------------------

29/200 Testing: valid__false
29/200 Test: valid__false
Command: "/Users/laurenceburden/Documents/ASU/Artificial Intelligence/Assignement 1/jansson-2.13/build/bin/json_process" "/Users/laurenceburden/Documents/ASU/Artificial Intelligence/Assignement 1/jansson-2.13/test/suites/valid/false"
Directory: /Users/laurenceburden/Documents/ASU/Artificial Intelligence/Assignement 1/jansson-2.13/build
"valid__false" start time: Sep 08 14:02 CDT
Output:
----------------------------------------------------------
<end of output>
Test time =   0.00 sec
----------------------------------------------------------
Test Passed.
"valid__false" end time: Sep 08 14:02 CDT
"valid__false" time elapsed: 00:00:00
----------------------------------------------------------

30/200 Testing: valid__false__strip
30/200 Test: valid__false__strip
Command: "/Users/laurenceburden/Documents/ASU/Artificial Intelligence/Assignement 1/jansson-2.13/build/bin/json_process" "--strip" "/Users/laurenceburden/Documents/ASU/Artificial Intelligence/Assignement 1/jansson-2.13/test/suites/valid/false"
Directory: /Users/laurenceburden/Documents/ASU/Artificial Intelligence/Assignement 1/jansson-2.13/build
"valid__false__strip" start time: Sep 08 14:02 CDT
Output:
----------------------------------------------------------
<end of output>
Test time =   0.00 sec
----------------------------------------------------------
Test Passed.
"valid__false__strip" end time: Sep 08 14:02 CDT
"valid__false__strip" time elapsed: 00:00:00
----------------------------------------------------------

31/200 Testing: valid__negative-int
31/200 Test: valid__negative-int
Command: "/Users/laurenceburden/Documents/ASU/Artificial Intelligence/Assignement 1/jansson-2.13/build/bin/json_process" "/Users/laurenceburden/Documents/ASU/Artificial Intelligence/Assignement 1/jansson-2.13/test/suites/valid/negative-int"
Directory: /Users/laurenceburden/Documents/ASU/Artificial Intelligence/Assignement 1/jansson-2.13/build
"valid__negative-int" start time: Sep 08 14:02 CDT
Output:
----------------------------------------------------------
<end of output>
Test time =   0.00 sec
----------------------------------------------------------
Test Passed.
"valid__negative-int" end time: Sep 08 14:02 CDT
"valid__negative-int" time elapsed: 00:00:00
----------------------------------------------------------

32/200 Testing: valid__negative-int__strip
32/200 Test: valid__negative-int__strip
Command: "/Users/laurenceburden/Documents/ASU/Artificial Intelligence/Assignement 1/jansson-2.13/build/bin/json_process" "--strip" "/Users/laurenceburden/Documents/ASU/Artificial Intelligence/Assignement 1/jansson-2.13/test/suites/valid/negative-int"
Directory: /Users/laurenceburden/Documents/ASU/Artificial Intelligence/Assignement 1/jansson-2.13/build
"valid__negative-int__strip" start time: Sep 08 14:02 CDT
Output:
----------------------------------------------------------
<end of output>
Test time =   0.00 sec
----------------------------------------------------------
Test Passed.
"valid__negative-int__strip" end time: Sep 08 14:02 CDT
"valid__negative-int__strip" time elapsed: 00:00:00
----------------------------------------------------------

33/200 Testing: valid__negative-one
33/200 Test: valid__negative-one
Command: "/Users/laurenceburden/Documents/ASU/Artificial Intelligence/Assignement 1/jansson-2.13/build/bin/json_process" "/Users/laurenceburden/Documents/ASU/Artificial Intelligence/Assignement 1/jansson-2.13/test/suites/valid/negative-one"
Directory: /Users/laurenceburden/Documents/ASU/Artificial Intelligence/Assignement 1/jansson-2.13/build
"valid__negative-one" start time: Sep 08 14:02 CDT
Output:
----------------------------------------------------------
<end of output>
Test time =   0.00 sec
----------------------------------------------------------
Test Passed.
"valid__negative-one" end time: Sep 08 14:02 CDT
"valid__negative-one" time elapsed: 00:00:00
----------------------------------------------------------

34/200 Testing: valid__negative-one__strip
34/200 Test: valid__negative-one__strip
Command: "/Users/laurenceburden/Documents/ASU/Artificial Intelligence/Assignement 1/jansson-2.13/build/bin/json_process" "--strip" "/Users/laurenceburden/Documents/ASU/Artificial Intelligence/Assignement 1/jansson-2.13/test/suites/valid/negative-one"
Directory: /Users/laurenceburden/Documents/ASU/Artificial Intelligence/Assignement 1/jansson-2.13/build
"valid__negative-one__strip" start time: Sep 08 14:02 CDT
Output:
----------------------------------------------------------
<end of output>
Test time =   0.00 sec
----------------------------------------------------------
Test Passed.
"valid__negative-one__strip" end time: Sep 08 14:02 CDT
"valid__negative-one__strip" time elapsed: 00:00:00
----------------------------------------------------------

35/200 Testing: valid__negative-zero
35/200 Test: valid__negative-zero
Command: "/Users/laurenceburden/Documents/ASU/Artificial Intelligence/Assignement 1/jansson-2.13/build/bin/json_process" "/Users/laurenceburden/Documents/ASU/Artificial Intelligence/Assignement 1/jansson-2.13/test/suites/valid/negative-zero"
Directory: /Users/laurenceburden/Documents/ASU/Artificial Intelligence/Assignement 1/jansson-2.13/build
"valid__negative-zero" start time: Sep 08 14:02 CDT
Output:
----------------------------------------------------------
<end of output>
Test time =   0.00 sec
----------------------------------------------------------
Test Passed.
"valid__negative-zero" end time: Sep 08 14:02 CDT
"valid__negative-zero" time elapsed: 00:00:00
----------------------------------------------------------

36/200 Testing: valid__negative-zero__strip
36/200 Test: valid__negative-zero__strip
Command: "/Users/laurenceburden/Documents/ASU/Artificial Intelligence/Assignement 1/jansson-2.13/build/bin/json_process" "--strip" "/Users/laurenceburden/Documents/ASU/Artificial Intelligence/Assignement 1/jansson-2.13/test/suites/valid/negative-zero"
Directory: /Users/laurenceburden/Documents/ASU/Artificial Intelligence/Assignement 1/jansson-2.13/build
"valid__negative-zero__strip" start time: Sep 08 14:02 CDT
Output:
----------------------------------------------------------
<end of output>
Test time =   0.00 sec
----------------------------------------------------------
Test Passed.
"valid__negative-zero__strip" end time: Sep 08 14:02 CDT
"valid__negative-zero__strip" time elapsed: 00:00:00
----------------------------------------------------------

37/200 Testing: valid__null
37/200 Test: valid__null
Command: "/Users/laurenceburden/Documents/ASU/Artificial Intelligence/Assignement 1/jansson-2.13/build/bin/json_process" "/Users/laurenceburden/Documents/ASU/Artificial Intelligence/Assignement 1/jansson-2.13/test/suites/valid/null"
Directory: /Users/laurenceburden/Documents/ASU/Artificial Intelligence/Assignement 1/jansson-2.13/build
"valid__null" start time: Sep 08 14:02 CDT
Output:
----------------------------------------------------------
<end of output>
Test time =   0.00 sec
----------------------------------------------------------
Test Passed.
"valid__null" end time: Sep 08 14:02 CDT
"valid__null" time elapsed: 00:00:00
----------------------------------------------------------

38/200 Testing: valid__null__strip
38/200 Test: valid__null__strip
Command: "/Users/laurenceburden/Documents/ASU/Artificial Intelligence/Assignement 1/jansson-2.13/build/bin/json_process" "--strip" "/Users/laurenceburden/Documents/ASU/Artificial Intelligence/Assignement 1/jansson-2.13/test/suites/valid/null"
Directory: /Users/laurenceburden/Documents/ASU/Artificial Intelligence/Assignement 1/jansson-2.13/build
"valid__null__strip" start time: Sep 08 14:02 CDT
Output:
----------------------------------------------------------
<end of output>
Test time =   0.00 sec
----------------------------------------------------------
Test Passed.
"valid__null__strip" end time: Sep 08 14:02 CDT
"valid__null__strip" time elapsed: 00:00:00
----------------------------------------------------------

39/200 Testing: valid__one-byte-utf-8
39/200 Test: valid__one-byte-utf-8
Command: "/Users/laurenceburden/Documents/ASU/Artificial Intelligence/Assignement 1/jansson-2.13/build/bin/json_process" "/Users/laurenceburden/Documents/ASU/Artificial Intelligence/Assignement 1/jansson-2.13/test/suites/valid/one-byte-utf-8"
Directory: /Users/laurenceburden/Documents/ASU/Artificial Intelligence/Assignement 1/jansson-2.13/build
"valid__one-byte-utf-8" start time: Sep 08 14:02 CDT
Output:
----------------------------------------------------------
<end of output>
Test time =   0.00 sec
----------------------------------------------------------
Test Passed.
"valid__one-byte-utf-8" end time: Sep 08 14:02 CDT
"valid__one-byte-utf-8" time elapsed: 00:00:00
----------------------------------------------------------

40/200 Testing: valid__one-byte-utf-8__strip
40/200 Test: valid__one-byte-utf-8__strip
Command: "/Users/laurenceburden/Documents/ASU/Artificial Intelligence/Assignement 1/jansson-2.13/build/bin/json_process" "--strip" "/Users/laurenceburden/Documents/ASU/Artificial Intelligence/Assignement 1/jansson-2.13/test/suites/valid/one-byte-utf-8"
Directory: /Users/laurenceburden/Documents/ASU/Artificial Intelligence/Assignement 1/jansson-2.13/build
"valid__one-byte-utf-8__strip" start time: Sep 08 14:02 CDT
Output:
----------------------------------------------------------
<end of output>
Test time =   0.00 sec
----------------------------------------------------------
Test Passed.
"valid__one-byte-utf-8__strip" end time: Sep 08 14:02 CDT
"valid__one-byte-utf-8__strip" time elapsed: 00:00:00
----------------------------------------------------------

41/200 Testing: valid__real-capital-e
41/200 Test: valid__real-capital-e
Command: "/Users/laurenceburden/Documents/ASU/Artificial Intelligence/Assignement 1/jansson-2.13/build/bin/json_process" "/Users/laurenceburden/Documents/ASU/Artificial Intelligence/Assignement 1/jansson-2.13/test/suites/valid/real-capital-e"
Directory: /Users/laurenceburden/Documents/ASU/Artificial Intelligence/Assignement 1/jansson-2.13/build
"valid__real-capital-e" start time: Sep 08 14:02 CDT
Output:
----------------------------------------------------------
<end of output>
Test time =   0.00 sec
----------------------------------------------------------
Test Passed.
"valid__real-capital-e" end time: Sep 08 14:02 CDT
"valid__real-capital-e" time elapsed: 00:00:00
----------------------------------------------------------

42/200 Testing: valid__real-capital-e__strip
42/200 Test: valid__real-capital-e__strip
Command: "/Users/laurenceburden/Documents/ASU/Artificial Intelligence/Assignement 1/jansson-2.13/build/bin/json_process" "--strip" "/Users/laurenceburden/Documents/ASU/Artificial Intelligence/Assignement 1/jansson-2.13/test/suites/valid/real-capital-e"
Directory: /Users/laurenceburden/Documents/ASU/Artificial Intelligence/Assignement 1/jansson-2.13/build
"valid__real-capital-e__strip" start time: Sep 08 14:02 CDT
Output:
----------------------------------------------------------
<end of output>
Test time =   0.00 sec
----------------------------------------------------------
Test Passed.
"valid__real-capital-e__strip" end time: Sep 08 14:02 CDT
"valid__real-capital-e__strip" time elapsed: 00:00:00
----------------------------------------------------------

43/200 Testing: valid__real-capital-e-negative-exponent
43/200 Test: valid__real-capital-e-negative-exponent
Command: "/Users/laurenceburden/Documents/ASU/Artificial Intelligence/Assignement 1/jansson-2.13/build/bin/json_process" "/Users/laurenceburden/Documents/ASU/Artificial Intelligence/Assignement 1/jansson-2.13/test/suites/valid/real-capital-e-negative-exponent"
Directory: /Users/laurenceburden/Documents/ASU/Artificial Intelligence/Assignement 1/jansson-2.13/build
"valid__real-capital-e-negative-exponent" start time: Sep 08 14:02 CDT
Output:
----------------------------------------------------------
<end of output>
Test time =   0.00 sec
----------------------------------------------------------
Test Passed.
"valid__real-capital-e-negative-exponent" end time: Sep 08 14:02 CDT
"valid__real-capital-e-negative-exponent" time elapsed: 00:00:00
----------------------------------------------------------

44/200 Testing: valid__real-capital-e-negative-exponent__strip
44/200 Test: valid__real-capital-e-negative-exponent__strip
Command: "/Users/laurenceburden/Documents/ASU/Artificial Intelligence/Assignement 1/jansson-2.13/build/bin/json_process" "--strip" "/Users/laurenceburden/Documents/ASU/Artificial Intelligence/Assignement 1/jansson-2.13/test/suites/valid/real-capital-e-negative-exponent"
Directory: /Users/laurenceburden/Documents/ASU/Artificial Intelligence/Assignement 1/jansson-2.13/build
"valid__real-capital-e-negative-exponent__strip" start time: Sep 08 14:02 CDT
Output:
----------------------------------------------------------
<end of output>
Test time =   0.00 sec
----------------------------------------------------------
Test Passed.
"valid__real-capital-e-negative-exponent__strip" end time: Sep 08 14:02 CDT
"valid__real-capital-e-negative-exponent__strip" time elapsed: 00:00:00
----------------------------------------------------------

45/200 Testing: valid__real-capital-e-positive-exponent
45/200 Test: valid__real-capital-e-positive-exponent
Command: "/Users/laurenceburden/Documents/ASU/Artificial Intelligence/Assignement 1/jansson-2.13/build/bin/json_process" "/Users/laurenceburden/Documents/ASU/Artificial Intelligence/Assignement 1/jansson-2.13/test/suites/valid/real-capital-e-positive-exponent"
Directory: /Users/laurenceburden/Documents/ASU/Artificial Intelligence/Assignement 1/jansson-2.13/build
"valid__real-capital-e-positive-exponent" start time: Sep 08 14:02 CDT
Output:
----------------------------------------------------------
<end of output>
Test time =   0.00 sec
----------------------------------------------------------
Test Passed.
"valid__real-capital-e-positive-exponent" end time: Sep 08 14:02 CDT
"valid__real-capital-e-positive-exponent" time elapsed: 00:00:00
----------------------------------------------------------

46/200 Testing: valid__real-capital-e-positive-exponent__strip
46/200 Test: valid__real-capital-e-positive-exponent__strip
Command: "/Users/laurenceburden/Documents/ASU/Artificial Intelligence/Assignement 1/jansson-2.13/build/bin/json_process" "--strip" "/Users/laurenceburden/Documents/ASU/Artificial Intelligence/Assignement 1/jansson-2.13/test/suites/valid/real-capital-e-positive-exponent"
Directory: /Users/laurenceburden/Documents/ASU/Artificial Intelligence/Assignement 1/jansson-2.13/build
"valid__real-capital-e-positive-exponent__strip" start time: Sep 08 14:02 CDT
Output:
----------------------------------------------------------
<end of output>
Test time =   0.00 sec
----------------------------------------------------------
Test Passed.
"valid__real-capital-e-positive-exponent__strip" end time: Sep 08 14:02 CDT
"valid__real-capital-e-positive-exponent__strip" time elapsed: 00:00:00
----------------------------------------------------------

47/200 Testing: valid__real-exponent
47/200 Test: valid__real-exponent
Command: "/Users/laurenceburden/Documents/ASU/Artificial Intelligence/Assignement 1/jansson-2.13/build/bin/json_process" "/Users/laurenceburden/Documents/ASU/Artificial Intelligence/Assignement 1/jansson-2.13/test/suites/valid/real-exponent"
Directory: /Users/laurenceburden/Documents/ASU/Artificial Intelligence/Assignement 1/jansson-2.13/build
"valid__real-exponent" start time: Sep 08 14:02 CDT
Output:
----------------------------------------------------------
<end of output>
Test time =   0.00 sec
----------------------------------------------------------
Test Passed.
"valid__real-exponent" end time: Sep 08 14:02 CDT
"valid__real-exponent" time elapsed: 00:00:00
----------------------------------------------------------

48/200 Testing: valid__real-exponent__strip
48/200 Test: valid__real-exponent__strip
Command: "/Users/laurenceburden/Documents/ASU/Artificial Intelligence/Assignement 1/jansson-2.13/build/bin/json_process" "--strip" "/Users/laurenceburden/Documents/ASU/Artificial Intelligence/Assignement 1/jansson-2.13/test/suites/valid/real-exponent"
Directory: /Users/laurenceburden/Documents/ASU/Artificial Intelligence/Assignement 1/jansson-2.13/build
"valid__real-exponent__strip" start time: Sep 08 14:02 CDT
Output:
----------------------------------------------------------
<end of output>
Test time =   0.00 sec
----------------------------------------------------------
Test Passed.
"valid__real-exponent__strip" end time: Sep 08 14:02 CDT
"valid__real-exponent__strip" time elapsed: 00:00:00
----------------------------------------------------------

49/200 Testing: valid__real-fraction-exponent
49/200 Test: valid__real-fraction-exponent
Command: "/Users/laurenceburden/Documents/ASU/Artificial Intelligence/Assignement 1/jansson-2.13/build/bin/json_process" "/Users/laurenceburden/Documents/ASU/Artificial Intelligence/Assignement 1/jansson-2.13/test/suites/valid/real-fraction-exponent"
Directory: /Users/laurenceburden/Documents/ASU/Artificial Intelligence/Assignement 1/jansson-2.13/build
"valid__real-fraction-exponent" start time: Sep 08 14:02 CDT
Output:
----------------------------------------------------------
<end of output>
Test time =   0.00 sec
----------------------------------------------------------
Test Passed.
"valid__real-fraction-exponent" end time: Sep 08 14:02 CDT
"valid__real-fraction-exponent" time elapsed: 00:00:00
----------------------------------------------------------

50/200 Testing: valid__real-fraction-exponent__strip
50/200 Test: valid__real-fraction-exponent__strip
Command: "/Users/laurenceburden/Documents/ASU/Artificial Intelligence/Assignement 1/jansson-2.13/build/bin/json_process" "--strip" "/Users/laurenceburden/Documents/ASU/Artificial Intelligence/Assignement 1/jansson-2.13/test/suites/valid/real-fraction-exponent"
Directory: /Users/laurenceburden/Documents/ASU/Artificial Intelligence/Assignement 1/jansson-2.13/build
"valid__real-fraction-exponent__strip" start time: Sep 08 14:02 CDT
Output:
----------------------------------------------------------
<end of output>
Test time =   0.00 sec
----------------------------------------------------------
Test Passed.
"valid__real-fraction-exponent__strip" end time: Sep 08 14:02 CDT
"valid__real-fraction-exponent__strip" time elapsed: 00:00:00
----------------------------------------------------------

51/200 Testing: valid__real-negative-exponent
51/200 Test: valid__real-negative-exponent
Command: "/Users/laurenceburden/Documents/ASU/Artificial Intelligence/Assignement 1/jansson-2.13/build/bin/json_process" "/Users/laurenceburden/Documents/ASU/Artificial Intelligence/Assignement 1/jansson-2.13/test/suites/valid/real-negative-exponent"
Directory: /Users/laurenceburden/Documents/ASU/Artificial Intelligence/Assignement 1/jansson-2.13/build
"valid__real-negative-exponent" start time: Sep 08 14:02 CDT
Output:
----------------------------------------------------------
<end of output>
Test time =   0.00 sec
----------------------------------------------------------
Test Passed.
"valid__real-negative-exponent" end time: Sep 08 14:02 CDT
"valid__real-negative-exponent" time elapsed: 00:00:00
----------------------------------------------------------

52/200 Testing: valid__real-negative-exponent__strip
52/200 Test: valid__real-negative-exponent__strip
Command: "/Users/laurenceburden/Documents/ASU/Artificial Intelligence/Assignement 1/jansson-2.13/build/bin/json_process" "--strip" "/Users/laurenceburden/Documents/ASU/Artificial Intelligence/Assignement 1/jansson-2.13/test/suites/valid/real-negative-exponent"
Directory: /Users/laurenceburden/Documents/ASU/Artificial Intelligence/Assignement 1/jansson-2.13/build
"valid__real-negative-exponent__strip" start time: Sep 08 14:02 CDT
Output:
----------------------------------------------------------
<end of output>
Test time =   0.00 sec
----------------------------------------------------------
Test Passed.
"valid__real-negative-exponent__strip" end time: Sep 08 14:02 CDT
"valid__real-negative-exponent__strip" time elapsed: 00:00:00
----------------------------------------------------------

53/200 Testing: valid__real-positive-exponent
53/200 Test: valid__real-positive-exponent
Command: "/Users/laurenceburden/Documents/ASU/Artificial Intelligence/Assignement 1/jansson-2.13/build/bin/json_process" "/Users/laurenceburden/Documents/ASU/Artificial Intelligence/Assignement 1/jansson-2.13/test/suites/valid/real-positive-exponent"
Directory: /Users/laurenceburden/Documents/ASU/Artificial Intelligence/Assignement 1/jansson-2.13/build
"valid__real-positive-exponent" start time: Sep 08 14:02 CDT
Output:
----------------------------------------------------------
<end of output>
Test time =   0.00 sec
----------------------------------------------------------
Test Passed.
"valid__real-positive-exponent" end time: Sep 08 14:02 CDT
"valid__real-positive-exponent" time elapsed: 00:00:00
----------------------------------------------------------

54/200 Testing: valid__real-positive-exponent__strip
54/200 Test: valid__real-positive-exponent__strip
Command: "/Users/laurenceburden/Documents/ASU/Artificial Intelligence/Assignement 1/jansson-2.13/build/bin/json_process" "--strip" "/Users/laurenceburden/Documents/ASU/Artificial Intelligence/Assignement 1/jansson-2.13/test/suites/valid/real-positive-exponent"
Directory: /Users/laurenceburden/Documents/ASU/Artificial Intelligence/Assignement 1/jansson-2.13/build
"valid__real-positive-exponent__strip" start time: Sep 08 14:02 CDT
Output:
----------------------------------------------------------
<end of output>
Test time =   0.00 sec
----------------------------------------------------------
Test Passed.
"valid__real-positive-exponent__strip" end time: Sep 08 14:02 CDT
"valid__real-positive-exponent__strip" time elapsed: 00:00:00
----------------------------------------------------------

55/200 Testing: valid__real-subnormal-number
55/200 Test: valid__real-subnormal-number
Command: "/Users/laurenceburden/Documents/ASU/Artificial Intelligence/Assignement 1/jansson-2.13/build/bin/json_process" "/Users/laurenceburden/Documents/ASU/Artificial Intelligence/Assignement 1/jansson-2.13/test/suites/valid/real-subnormal-number"
Directory: /Users/laurenceburden/Documents/ASU/Artificial Intelligence/Assignement 1/jansson-2.13/build
"valid__real-subnormal-number" start time: Sep 08 14:02 CDT
Output:
----------------------------------------------------------
<end of output>
Test time =   0.00 sec
----------------------------------------------------------
Test Passed.
"valid__real-subnormal-number" end time: Sep 08 14:02 CDT
"valid__real-subnormal-number" time elapsed: 00:00:00
----------------------------------------------------------

56/200 Testing: valid__real-subnormal-number__strip
56/200 Test: valid__real-subnormal-number__strip
Command: "/Users/laurenceburden/Documents/ASU/Artificial Intelligence/Assignement 1/jansson-2.13/build/bin/json_process" "--strip" "/Users/laurenceburden/Documents/ASU/Artificial Intelligence/Assignement 1/jansson-2.13/test/suites/valid/real-subnormal-number"
Directory: /Users/laurenceburden/Documents/ASU/Artificial Intelligence/Assignement 1/jansson-2.13/build
"valid__real-subnormal-number__strip" start time: Sep 08 14:02 CDT
Output:
----------------------------------------------------------
<end of output>
Test time =   0.00 sec
----------------------------------------------------------
Test Passed.
"valid__real-subnormal-number__strip" end time: Sep 08 14:02 CDT
"valid__real-subnormal-number__strip" time elapsed: 00:00:00
----------------------------------------------------------

57/200 Testing: valid__real-underflow
57/200 Test: valid__real-underflow
Command: "/Users/laurenceburden/Documents/ASU/Artificial Intelligence/Assignement 1/jansson-2.13/build/bin/json_process" "/Users/laurenceburden/Documents/ASU/Artificial Intelligence/Assignement 1/jansson-2.13/test/suites/valid/real-underflow"
Directory: /Users/laurenceburden/Documents/ASU/Artificial Intelligence/Assignement 1/jansson-2.13/build
"valid__real-underflow" start time: Sep 08 14:02 CDT
Output:
----------------------------------------------------------
<end of output>
Test time =   0.00 sec
----------------------------------------------------------
Test Passed.
"valid__real-underflow" end time: Sep 08 14:02 CDT
"valid__real-underflow" time elapsed: 00:00:00
----------------------------------------------------------

58/200 Testing: valid__real-underflow__strip
58/200 Test: valid__real-underflow__strip
Command: "/Users/laurenceburden/Documents/ASU/Artificial Intelligence/Assignement 1/jansson-2.13/build/bin/json_process" "--strip" "/Users/laurenceburden/Documents/ASU/Artificial Intelligence/Assignement 1/jansson-2.13/test/suites/valid/real-underflow"
Directory: /Users/laurenceburden/Documents/ASU/Artificial Intelligence/Assignement 1/jansson-2.13/build
"valid__real-underflow__strip" start time: Sep 08 14:02 CDT
Output:
----------------------------------------------------------
<end of output>
Test time =   0.00 sec
----------------------------------------------------------
Test Passed.
"valid__real-underflow__strip" end time: Sep 08 14:02 CDT
"valid__real-underflow__strip" time elapsed: 00:00:00
----------------------------------------------------------

59/200 Testing: valid__short-string
59/200 Test: valid__short-string
Command: "/Users/laurenceburden/Documents/ASU/Artificial Intelligence/Assignement 1/jansson-2.13/build/bin/json_process" "/Users/laurenceburden/Documents/ASU/Artificial Intelligence/Assignement 1/jansson-2.13/test/suites/valid/short-string"
Directory: /Users/laurenceburden/Documents/ASU/Artificial Intelligence/Assignement 1/jansson-2.13/build
"valid__short-string" start time: Sep 08 14:02 CDT
Output:
----------------------------------------------------------
<end of output>
Test time =   0.00 sec
----------------------------------------------------------
Test Passed.
"valid__short-string" end time: Sep 08 14:02 CDT
"valid__short-string" time elapsed: 00:00:00
----------------------------------------------------------

60/200 Testing: valid__short-string__strip
60/200 Test: valid__short-string__strip
Command: "/Users/laurenceburden/Documents/ASU/Artificial Intelligence/Assignement 1/jansson-2.13/build/bin/json_process" "--strip" "/Users/laurenceburden/Documents/ASU/Artificial Intelligence/Assignement 1/jansson-2.13/test/suites/valid/short-string"
Directory: /Users/laurenceburden/Documents/ASU/Artificial Intelligence/Assignement 1/jansson-2.13/build
"valid__short-string__strip" start time: Sep 08 14:02 CDT
Output:
----------------------------------------------------------
<end of output>
Test time =   0.00 sec
----------------------------------------------------------
Test Passed.
"valid__short-string__strip" end time: Sep 08 14:02 CDT
"valid__short-string__strip" time elapsed: 00:00:00
----------------------------------------------------------

61/200 Testing: valid__simple-ascii-string
61/200 Test: valid__simple-ascii-string
Command: "/Users/laurenceburden/Documents/ASU/Artificial Intelligence/Assignement 1/jansson-2.13/build/bin/json_process" "/Users/laurenceburden/Documents/ASU/Artificial Intelligence/Assignement 1/jansson-2.13/test/suites/valid/simple-ascii-string"
Directory: /Users/laurenceburden/Documents/ASU/Artificial Intelligence/Assignement 1/jansson-2.13/build
"valid__simple-ascii-string" start time: Sep 08 14:02 CDT
Output:
----------------------------------------------------------
<end of output>
Test time =   0.00 sec
----------------------------------------------------------
Test Passed.
"valid__simple-ascii-string" end time: Sep 08 14:02 CDT
"valid__simple-ascii-string" time elapsed: 00:00:00
----------------------------------------------------------

62/200 Testing: valid__simple-ascii-string__strip
62/200 Test: valid__simple-ascii-string__strip
Command: "/Users/laurenceburden/Documents/ASU/Artificial Intelligence/Assignement 1/jansson-2.13/build/bin/json_process" "--strip" "/Users/laurenceburden/Documents/ASU/Artificial Intelligence/Assignement 1/jansson-2.13/test/suites/valid/simple-ascii-string"
Directory: /Users/laurenceburden/Documents/ASU/Artificial Intelligence/Assignement 1/jansson-2.13/build
"valid__simple-ascii-string__strip" start time: Sep 08 14:02 CDT
Output:
----------------------------------------------------------
<end of output>
Test time =   0.00 sec
----------------------------------------------------------
Test Passed.
"valid__simple-ascii-string__strip" end time: Sep 08 14:02 CDT
"valid__simple-ascii-string__strip" time elapsed: 00:00:00
----------------------------------------------------------

63/200 Testing: valid__simple-int-0
63/200 Test: valid__simple-int-0
Command: "/Users/laurenceburden/Documents/ASU/Artificial Intelligence/Assignement 1/jansson-2.13/build/bin/json_process" "/Users/laurenceburden/Documents/ASU/Artificial Intelligence/Assignement 1/jansson-2.13/test/suites/valid/simple-int-0"
Directory: /Users/laurenceburden/Documents/ASU/Artificial Intelligence/Assignement 1/jansson-2.13/build
"valid__simple-int-0" start time: Sep 08 14:02 CDT
Output:
----------------------------------------------------------
<end of output>
Test time =   0.00 sec
----------------------------------------------------------
Test Passed.
"valid__simple-int-0" end time: Sep 08 14:02 CDT
"valid__simple-int-0" time elapsed: 00:00:00
----------------------------------------------------------

64/200 Testing: valid__simple-int-0__strip
64/200 Test: valid__simple-int-0__strip
Command: "/Users/laurenceburden/Documents/ASU/Artificial Intelligence/Assignement 1/jansson-2.13/build/bin/json_process" "--strip" "/Users/laurenceburden/Documents/ASU/Artificial Intelligence/Assignement 1/jansson-2.13/test/suites/valid/simple-int-0"
Directory: /Users/laurenceburden/Documents/ASU/Artificial Intelligence/Assignement 1/jansson-2.13/build
"valid__simple-int-0__strip" start time: Sep 08 14:02 CDT
Output:
----------------------------------------------------------
<end of output>
Test time =   0.00 sec
----------------------------------------------------------
Test Passed.
"valid__simple-int-0__strip" end time: Sep 08 14:02 CDT
"valid__simple-int-0__strip" time elapsed: 00:00:00
----------------------------------------------------------

65/200 Testing: valid__simple-int-1
65/200 Test: valid__simple-int-1
Command: "/Users/laurenceburden/Documents/ASU/Artificial Intelligence/Assignement 1/jansson-2.13/build/bin/json_process" "/Users/laurenceburden/Documents/ASU/Artificial Intelligence/Assignement 1/jansson-2.13/test/suites/valid/simple-int-1"
Directory: /Users/laurenceburden/Documents/ASU/Artificial Intelligence/Assignement 1/jansson-2.13/build
"valid__simple-int-1" start time: Sep 08 14:02 CDT
Output:
----------------------------------------------------------
<end of output>
Test time =   0.00 sec
----------------------------------------------------------
Test Passed.
"valid__simple-int-1" end time: Sep 08 14:02 CDT
"valid__simple-int-1" time elapsed: 00:00:00
----------------------------------------------------------

66/200 Testing: valid__simple-int-1__strip
66/200 Test: valid__simple-int-1__strip
Command: "/Users/laurenceburden/Documents/ASU/Artificial Intelligence/Assignement 1/jansson-2.13/build/bin/json_process" "--strip" "/Users/laurenceburden/Documents/ASU/Artificial Intelligence/Assignement 1/jansson-2.13/test/suites/valid/simple-int-1"
Directory: /Users/laurenceburden/Documents/ASU/Artificial Intelligence/Assignement 1/jansson-2.13/build
"valid__simple-int-1__strip" start time: Sep 08 14:02 CDT
Output:
----------------------------------------------------------
<end of output>
Test time =   0.00 sec
----------------------------------------------------------
Test Passed.
"valid__simple-int-1__strip" end time: Sep 08 14:02 CDT
"valid__simple-int-1__strip" time elapsed: 00:00:00
----------------------------------------------------------

67/200 Testing: valid__simple-int-123
67/200 Test: valid__simple-int-123
Command: "/Users/laurenceburden/Documents/ASU/Artificial Intelligence/Assignement 1/jansson-2.13/build/bin/json_process" "/Users/laurenceburden/Documents/ASU/Artificial Intelligence/Assignement 1/jansson-2.13/test/suites/valid/simple-int-123"
Directory: /Users/laurenceburden/Documents/ASU/Artificial Intelligence/Assignement 1/jansson-2.13/build
"valid__simple-int-123" start time: Sep 08 14:02 CDT
Output:
----------------------------------------------------------
<end of output>
Test time =   0.00 sec
----------------------------------------------------------
Test Passed.
"valid__simple-int-123" end time: Sep 08 14:02 CDT
"valid__simple-int-123" time elapsed: 00:00:00
----------------------------------------------------------

68/200 Testing: valid__simple-int-123__strip
68/200 Test: valid__simple-int-123__strip
Command: "/Users/laurenceburden/Documents/ASU/Artificial Intelligence/Assignement 1/jansson-2.13/build/bin/json_process" "--strip" "/Users/laurenceburden/Documents/ASU/Artificial Intelligence/Assignement 1/jansson-2.13/test/suites/valid/simple-int-123"
Directory: /Users/laurenceburden/Documents/ASU/Artificial Intelligence/Assignement 1/jansson-2.13/build
"valid__simple-int-123__strip" start time: Sep 08 14:02 CDT
Output:
----------------------------------------------------------
<end of output>
Test time =   0.00 sec
----------------------------------------------------------
Test Passed.
"valid__simple-int-123__strip" end time: Sep 08 14:02 CDT
"valid__simple-int-123__strip" time elapsed: 00:00:00
----------------------------------------------------------

69/200 Testing: valid__simple-object
69/200 Test: valid__simple-object
Command: "/Users/laurenceburden/Documents/ASU/Artificial Intelligence/Assignement 1/jansson-2.13/build/bin/json_process" "/Users/laurenceburden/Documents/ASU/Artificial Intelligence/Assignement 1/jansson-2.13/test/suites/valid/simple-object"
Directory: /Users/laurenceburden/Documents/ASU/Artificial Intelligence/Assignement 1/jansson-2.13/build
"valid__simple-object" start time: Sep 08 14:02 CDT
Output:
----------------------------------------------------------
<end of output>
Test time =   0.00 sec
----------------------------------------------------------
Test Passed.
"valid__simple-object" end time: Sep 08 14:02 CDT
"valid__simple-object" time elapsed: 00:00:00
----------------------------------------------------------

70/200 Testing: valid__simple-object__strip
70/200 Test: valid__simple-object__strip
Command: "/Users/laurenceburden/Documents/ASU/Artificial Intelligence/Assignement 1/jansson-2.13/build/bin/json_process" "--strip" "/Users/laurenceburden/Documents/ASU/Artificial Intelligence/Assignement 1/jansson-2.13/test/suites/valid/simple-object"
Directory: /Users/laurenceburden/Documents/ASU/Artificial Intelligence/Assignement 1/jansson-2.13/build
"valid__simple-object__strip" start time: Sep 08 14:02 CDT
Output:
----------------------------------------------------------
<end of output>
Test time =   0.00 sec
----------------------------------------------------------
Test Passed.
"valid__simple-object__strip" end time: Sep 08 14:02 CDT
"valid__simple-object__strip" time elapsed: 00:00:00
----------------------------------------------------------

71/200 Testing: valid__simple-real
71/200 Test: valid__simple-real
Command: "/Users/laurenceburden/Documents/ASU/Artificial Intelligence/Assignement 1/jansson-2.13/build/bin/json_process" "/Users/laurenceburden/Documents/ASU/Artificial Intelligence/Assignement 1/jansson-2.13/test/suites/valid/simple-real"
Directory: /Users/laurenceburden/Documents/ASU/Artificial Intelligence/Assignement 1/jansson-2.13/build
"valid__simple-real" start time: Sep 08 14:02 CDT
Output:
----------------------------------------------------------
<end of output>
Test time =   0.00 sec
----------------------------------------------------------
Test Passed.
"valid__simple-real" end time: Sep 08 14:02 CDT
"valid__simple-real" time elapsed: 00:00:00
----------------------------------------------------------

72/200 Testing: valid__simple-real__strip
72/200 Test: valid__simple-real__strip
Command: "/Users/laurenceburden/Documents/ASU/Artificial Intelligence/Assignement 1/jansson-2.13/build/bin/json_process" "--strip" "/Users/laurenceburden/Documents/ASU/Artificial Intelligence/Assignement 1/jansson-2.13/test/suites/valid/simple-real"
Directory: /Users/laurenceburden/Documents/ASU/Artificial Intelligence/Assignement 1/jansson-2.13/build
"valid__simple-real__strip" start time: Sep 08 14:02 CDT
Output:
----------------------------------------------------------
<end of output>
Test time =   0.00 sec
----------------------------------------------------------
Test Passed.
"valid__simple-real__strip" end time: Sep 08 14:02 CDT
"valid__simple-real__strip" time elapsed: 00:00:00
----------------------------------------------------------

73/200 Testing: valid__string-escapes
73/200 Test: valid__string-escapes
Command: "/Users/laurenceburden/Documents/ASU/Artificial Intelligence/Assignement 1/jansson-2.13/build/bin/json_process" "/Users/laurenceburden/Documents/ASU/Artificial Intelligence/Assignement 1/jansson-2.13/test/suites/valid/string-escapes"
Directory: /Users/laurenceburden/Documents/ASU/Artificial Intelligence/Assignement 1/jansson-2.13/build
"valid__string-escapes" start time: Sep 08 14:02 CDT
Output:
----------------------------------------------------------
<end of output>
Test time =   0.00 sec
----------------------------------------------------------
Test Passed.
"valid__string-escapes" end time: Sep 08 14:02 CDT
"valid__string-escapes" time elapsed: 00:00:00
----------------------------------------------------------

74/200 Testing: valid__string-escapes__strip
74/200 Test: valid__string-escapes__strip
Command: "/Users/laurenceburden/Documents/ASU/Artificial Intelligence/Assignement 1/jansson-2.13/build/bin/json_process" "--strip" "/Users/laurenceburden/Documents/ASU/Artificial Intelligence/Assignement 1/jansson-2.13/test/suites/valid/string-escapes"
Directory: /Users/laurenceburden/Documents/ASU/Artificial Intelligence/Assignement 1/jansson-2.13/build
"valid__string-escapes__strip" start time: Sep 08 14:02 CDT
Output:
----------------------------------------------------------
<end of output>
Test time =   0.00 sec
----------------------------------------------------------
Test Passed.
"valid__string-escapes__strip" end time: Sep 08 14:02 CDT
"valid__string-escapes__strip" time elapsed: 00:00:00
----------------------------------------------------------

75/200 Testing: valid__three-byte-utf-8
75/200 Test: valid__three-byte-utf-8
Command: "/Users/laurenceburden/Documents/ASU/Artificial Intelligence/Assignement 1/jansson-2.13/build/bin/json_process" "/Users/laurenceburden/Documents/ASU/Artificial Intelligence/Assignement 1/jansson-2.13/test/suites/valid/three-byte-utf-8"
Directory: /Users/laurenceburden/Documents/ASU/Artificial Intelligence/Assignement 1/jansson-2.13/build
"valid__three-byte-utf-8" start time: Sep 08 14:02 CDT
Output:
----------------------------------------------------------
<end of output>
Test time =   0.00 sec
----------------------------------------------------------
Test Passed.
"valid__three-byte-utf-8" end time: Sep 08 14:02 CDT
"valid__three-byte-utf-8" time elapsed: 00:00:00
----------------------------------------------------------

76/200 Testing: valid__three-byte-utf-8__strip
76/200 Test: valid__three-byte-utf-8__strip
Command: "/Users/laurenceburden/Documents/ASU/Artificial Intelligence/Assignement 1/jansson-2.13/build/bin/json_process" "--strip" "/Users/laurenceburden/Documents/ASU/Artificial Intelligence/Assignement 1/jansson-2.13/test/suites/valid/three-byte-utf-8"
Directory: /Users/laurenceburden/Documents/ASU/Artificial Intelligence/Assignement 1/jansson-2.13/build
"valid__three-byte-utf-8__strip" start time: Sep 08 14:02 CDT
Output:
----------------------------------------------------------
<end of output>
Test time =   0.00 sec
----------------------------------------------------------
Test Passed.
"valid__three-byte-utf-8__strip" end time: Sep 08 14:02 CDT
"valid__three-byte-utf-8__strip" time elapsed: 00:00:00
----------------------------------------------------------

77/200 Testing: valid__true
77/200 Test: valid__true
Command: "/Users/laurenceburden/Documents/ASU/Artificial Intelligence/Assignement 1/jansson-2.13/build/bin/json_process" "/Users/laurenceburden/Documents/ASU/Artificial Intelligence/Assignement 1/jansson-2.13/test/suites/valid/true"
Directory: /Users/laurenceburden/Documents/ASU/Artificial Intelligence/Assignement 1/jansson-2.13/build
"valid__true" start time: Sep 08 14:02 CDT
Output:
----------------------------------------------------------
<end of output>
Test time =   0.00 sec
----------------------------------------------------------
Test Passed.
"valid__true" end time: Sep 08 14:02 CDT
"valid__true" time elapsed: 00:00:00
----------------------------------------------------------

78/200 Testing: valid__true__strip
78/200 Test: valid__true__strip
Command: "/Users/laurenceburden/Documents/ASU/Artificial Intelligence/Assignement 1/jansson-2.13/build/bin/json_process" "--strip" "/Users/laurenceburden/Documents/ASU/Artificial Intelligence/Assignement 1/jansson-2.13/test/suites/valid/true"
Directory: /Users/laurenceburden/Documents/ASU/Artificial Intelligence/Assignement 1/jansson-2.13/build
"valid__true__strip" start time: Sep 08 14:02 CDT
Output:
----------------------------------------------------------
<end of output>
Test time =   0.00 sec
----------------------------------------------------------
Test Passed.
"valid__true__strip" end time: Sep 08 14:02 CDT
"valid__true__strip" time elapsed: 00:00:00
----------------------------------------------------------

79/200 Testing: valid__two-byte-utf-8
79/200 Test: valid__two-byte-utf-8
Command: "/Users/laurenceburden/Documents/ASU/Artificial Intelligence/Assignement 1/jansson-2.13/build/bin/json_process" "/Users/laurenceburden/Documents/ASU/Artificial Intelligence/Assignement 1/jansson-2.13/test/suites/valid/two-byte-utf-8"
Directory: /Users/laurenceburden/Documents/ASU/Artificial Intelligence/Assignement 1/jansson-2.13/build
"valid__two-byte-utf-8" start time: Sep 08 14:02 CDT
Output:
----------------------------------------------------------
<end of output>
Test time =   0.00 sec
----------------------------------------------------------
Test Passed.
"valid__two-byte-utf-8" end time: Sep 08 14:02 CDT
"valid__two-byte-utf-8" time elapsed: 00:00:00
----------------------------------------------------------

80/200 Testing: valid__two-byte-utf-8__strip
80/200 Test: valid__two-byte-utf-8__strip
Command: "/Users/laurenceburden/Documents/ASU/Artificial Intelligence/Assignement 1/jansson-2.13/build/bin/json_process" "--strip" "/Users/laurenceburden/Documents/ASU/Artificial Intelligence/Assignement 1/jansson-2.13/test/suites/valid/two-byte-utf-8"
Directory: /Users/laurenceburden/Documents/ASU/Artificial Intelligence/Assignement 1/jansson-2.13/build
"valid__two-byte-utf-8__strip" start time: Sep 08 14:02 CDT
Output:
----------------------------------------------------------
<end of output>
Test time =   0.00 sec
----------------------------------------------------------
Test Passed.
"valid__two-byte-utf-8__strip" end time: Sep 08 14:02 CDT
"valid__two-byte-utf-8__strip" time elapsed: 00:00:00
----------------------------------------------------------

81/200 Testing: valid__utf-8-string
81/200 Test: valid__utf-8-string
Command: "/Users/laurenceburden/Documents/ASU/Artificial Intelligence/Assignement 1/jansson-2.13/build/bin/json_process" "/Users/laurenceburden/Documents/ASU/Artificial Intelligence/Assignement 1/jansson-2.13/test/suites/valid/utf-8-string"
Directory: /Users/laurenceburden/Documents/ASU/Artificial Intelligence/Assignement 1/jansson-2.13/build
"valid__utf-8-string" start time: Sep 08 14:02 CDT
Output:
----------------------------------------------------------
<end of output>
Test time =   0.00 sec
----------------------------------------------------------
Test Passed.
"valid__utf-8-string" end time: Sep 08 14:02 CDT
"valid__utf-8-string" time elapsed: 00:00:00
----------------------------------------------------------

82/200 Testing: valid__utf-8-string__strip
82/200 Test: valid__utf-8-string__strip
Command: "/Users/laurenceburden/Documents/ASU/Artificial Intelligence/Assignement 1/jansson-2.13/build/bin/json_process" "--strip" "/Users/laurenceburden/Documents/ASU/Artificial Intelligence/Assignement 1/jansson-2.13/test/suites/valid/utf-8-string"
Directory: /Users/laurenceburden/Documents/ASU/Artificial Intelligence/Assignement 1/jansson-2.13/build
"valid__utf-8-string__strip" start time: Sep 08 14:02 CDT
Output:
----------------------------------------------------------
<end of output>
Test time =   0.00 sec
----------------------------------------------------------
Test Passed.
"valid__utf-8-string__strip" end time: Sep 08 14:02 CDT
"valid__utf-8-string__strip" time elapsed: 00:00:00
----------------------------------------------------------

83/200 Testing: valid__utf-surrogate-four-byte-encoding
83/200 Test: valid__utf-surrogate-four-byte-encoding
Command: "/Users/laurenceburden/Documents/ASU/Artificial Intelligence/Assignement 1/jansson-2.13/build/bin/json_process" "/Users/laurenceburden/Documents/ASU/Artificial Intelligence/Assignement 1/jansson-2.13/test/suites/valid/utf-surrogate-four-byte-encoding"
Directory: /Users/laurenceburden/Documents/ASU/Artificial Intelligence/Assignement 1/jansson-2.13/build
"valid__utf-surrogate-four-byte-encoding" start time: Sep 08 14:02 CDT
Output:
----------------------------------------------------------
<end of output>
Test time =   0.00 sec
----------------------------------------------------------
Test Passed.
"valid__utf-surrogate-four-byte-encoding" end time: Sep 08 14:02 CDT
"valid__utf-surrogate-four-byte-encoding" time elapsed: 00:00:00
----------------------------------------------------------

84/200 Testing: valid__utf-surrogate-four-byte-encoding__strip
84/200 Test: valid__utf-surrogate-four-byte-encoding__strip
Command: "/Users/laurenceburden/Documents/ASU/Artificial Intelligence/Assignement 1/jansson-2.13/build/bin/json_process" "--strip" "/Users/laurenceburden/Documents/ASU/Artificial Intelligence/Assignement 1/jansson-2.13/test/suites/valid/utf-surrogate-four-byte-encoding"
Directory: /Users/laurenceburden/Documents/ASU/Artificial Intelligence/Assignement 1/jansson-2.13/build
"valid__utf-surrogate-four-byte-encoding__strip" start time: Sep 08 14:02 CDT
Output:
----------------------------------------------------------
<end of output>
Test time =   0.00 sec
----------------------------------------------------------
Test Passed.
"valid__utf-surrogate-four-byte-encoding__strip" end time: Sep 08 14:02 CDT
"valid__utf-surrogate-four-byte-encoding__strip" time elapsed: 00:00:00
----------------------------------------------------------

85/200 Testing: invalid__apostrophe
85/200 Test: invalid__apostrophe
Command: "/Users/laurenceburden/Documents/ASU/Artificial Intelligence/Assignement 1/jansson-2.13/build/bin/json_process" "/Users/laurenceburden/Documents/ASU/Artificial Intelligence/Assignement 1/jansson-2.13/test/suites/invalid/apostrophe"
Directory: /Users/laurenceburden/Documents/ASU/Artificial Intelligence/Assignement 1/jansson-2.13/build
"invalid__apostrophe" start time: Sep 08 14:02 CDT
Output:
----------------------------------------------------------
<end of output>
Test time =   0.00 sec
----------------------------------------------------------
Test Passed.
"invalid__apostrophe" end time: Sep 08 14:02 CDT
"invalid__apostrophe" time elapsed: 00:00:00
----------------------------------------------------------

86/200 Testing: invalid__apostrophe__strip
86/200 Test: invalid__apostrophe__strip
Command: "/Users/laurenceburden/Documents/ASU/Artificial Intelligence/Assignement 1/jansson-2.13/build/bin/json_process" "--strip" "/Users/laurenceburden/Documents/ASU/Artificial Intelligence/Assignement 1/jansson-2.13/test/suites/invalid/apostrophe"
Directory: /Users/laurenceburden/Documents/ASU/Artificial Intelligence/Assignement 1/jansson-2.13/build
"invalid__apostrophe__strip" start time: Sep 08 14:02 CDT
Output:
----------------------------------------------------------
<end of output>
Test time =   0.00 sec
----------------------------------------------------------
Test Passed.
"invalid__apostrophe__strip" end time: Sep 08 14:02 CDT
"invalid__apostrophe__strip" time elapsed: 00:00:00
----------------------------------------------------------

87/200 Testing: invalid__ascii-unicode-identifier
87/200 Test: invalid__ascii-unicode-identifier
Command: "/Users/laurenceburden/Documents/ASU/Artificial Intelligence/Assignement 1/jansson-2.13/build/bin/json_process" "/Users/laurenceburden/Documents/ASU/Artificial Intelligence/Assignement 1/jansson-2.13/test/suites/invalid/ascii-unicode-identifier"
Directory: /Users/laurenceburden/Documents/ASU/Artificial Intelligence/Assignement 1/jansson-2.13/build
"invalid__ascii-unicode-identifier" start time: Sep 08 14:02 CDT
Output:
----------------------------------------------------------
<end of output>
Test time =   0.00 sec
----------------------------------------------------------
Test Passed.
"invalid__ascii-unicode-identifier" end time: Sep 08 14:02 CDT
"invalid__ascii-unicode-identifier" time elapsed: 00:00:00
----------------------------------------------------------

88/200 Testing: invalid__ascii-unicode-identifier__strip
88/200 Test: invalid__ascii-unicode-identifier__strip
Command: "/Users/laurenceburden/Documents/ASU/Artificial Intelligence/Assignement 1/jansson-2.13/build/bin/json_process" "--strip" "/Users/laurenceburden/Documents/ASU/Artificial Intelligence/Assignement 1/jansson-2.13/test/suites/invalid/ascii-unicode-identifier"
Directory: /Users/laurenceburden/Documents/ASU/Artificial Intelligence/Assignement 1/jansson-2.13/build
"invalid__ascii-unicode-identifier__strip" start time: Sep 08 14:02 CDT
Output:
----------------------------------------------------------
<end of output>
Test time =   0.00 sec
----------------------------------------------------------
Test Passed.
"invalid__ascii-unicode-identifier__strip" end time: Sep 08 14:02 CDT
"invalid__ascii-unicode-identifier__strip" time elapsed: 00:00:00
----------------------------------------------------------

89/200 Testing: invalid__brace-comma
89/200 Test: invalid__brace-comma
Command: "/Users/laurenceburden/Documents/ASU/Artificial Intelligence/Assignement 1/jansson-2.13/build/bin/json_process" "/Users/laurenceburden/Documents/ASU/Artificial Intelligence/Assignement 1/jansson-2.13/test/suites/invalid/brace-comma"
Directory: /Users/laurenceburden/Documents/ASU/Artificial Intelligence/Assignement 1/jansson-2.13/build
"invalid__brace-comma" start time: Sep 08 14:02 CDT
Output:
----------------------------------------------------------
<end of output>
Test time =   0.00 sec
----------------------------------------------------------
Test Passed.
"invalid__brace-comma" end time: Sep 08 14:02 CDT
"invalid__brace-comma" time elapsed: 00:00:00
----------------------------------------------------------

90/200 Testing: invalid__brace-comma__strip
90/200 Test: invalid__brace-comma__strip
Command: "/Users/laurenceburden/Documents/ASU/Artificial Intelligence/Assignement 1/jansson-2.13/build/bin/json_process" "--strip" "/Users/laurenceburden/Documents/ASU/Artificial Intelligence/Assignement 1/jansson-2.13/test/suites/invalid/brace-comma"
Directory: /Users/laurenceburden/Documents/ASU/Artificial Intelligence/Assignement 1/jansson-2.13/build
"invalid__brace-comma__strip" start time: Sep 08 14:02 CDT
Output:
----------------------------------------------------------
<end of output>
Test time =   0.00 sec
----------------------------------------------------------
Test Passed.
"invalid__brace-comma__strip" end time: Sep 08 14:02 CDT
"invalid__brace-comma__strip" time elapsed: 00:00:00
----------------------------------------------------------

91/200 Testing: invalid__bracket-comma
91/200 Test: invalid__bracket-comma
Command: "/Users/laurenceburden/Documents/ASU/Artificial Intelligence/Assignement 1/jansson-2.13/build/bin/json_process" "/Users/laurenceburden/Documents/ASU/Artificial Intelligence/Assignement 1/jansson-2.13/test/suites/invalid/bracket-comma"
Directory: /Users/laurenceburden/Documents/ASU/Artificial Intelligence/Assignement 1/jansson-2.13/build
"invalid__bracket-comma" start time: Sep 08 14:02 CDT
Output:
----------------------------------------------------------
<end of output>
Test time =   0.00 sec
----------------------------------------------------------
Test Passed.
"invalid__bracket-comma" end time: Sep 08 14:02 CDT
"invalid__bracket-comma" time elapsed: 00:00:00
----------------------------------------------------------

92/200 Testing: invalid__bracket-comma__strip
92/200 Test: invalid__bracket-comma__strip
Command: "/Users/laurenceburden/Documents/ASU/Artificial Intelligence/Assignement 1/jansson-2.13/build/bin/json_process" "--strip" "/Users/laurenceburden/Documents/ASU/Artificial Intelligence/Assignement 1/jansson-2.13/test/suites/invalid/bracket-comma"
Directory: /Users/laurenceburden/Documents/ASU/Artificial Intelligence/Assignement 1/jansson-2.13/build
"invalid__bracket-comma__strip" start time: Sep 08 14:02 CDT
Output:
----------------------------------------------------------
<end of output>
Test time =   0.00 sec
----------------------------------------------------------
Test Passed.
"invalid__bracket-comma__strip" end time: Sep 08 14:02 CDT
"invalid__bracket-comma__strip" time elapsed: 00:00:00
----------------------------------------------------------

93/200 Testing: invalid__bracket-one-comma
93/200 Test: invalid__bracket-one-comma
Command: "/Users/laurenceburden/Documents/ASU/Artificial Intelligence/Assignement 1/jansson-2.13/build/bin/json_process" "/Users/laurenceburden/Documents/ASU/Artificial Intelligence/Assignement 1/jansson-2.13/test/suites/invalid/bracket-one-comma"
Directory: /Users/laurenceburden/Documents/ASU/Artificial Intelligence/Assignement 1/jansson-2.13/build
"invalid__bracket-one-comma" start time: Sep 08 14:02 CDT
Output:
----------------------------------------------------------
<end of output>
Test time =   0.00 sec
----------------------------------------------------------
Test Passed.
"invalid__bracket-one-comma" end time: Sep 08 14:02 CDT
"invalid__bracket-one-comma" time elapsed: 00:00:00
----------------------------------------------------------

94/200 Testing: invalid__bracket-one-comma__strip
94/200 Test: invalid__bracket-one-comma__strip
Command: "/Users/laurenceburden/Documents/ASU/Artificial Intelligence/Assignement 1/jansson-2.13/build/bin/json_process" "--strip" "/Users/laurenceburden/Documents/ASU/Artificial Intelligence/Assignement 1/jansson-2.13/test/suites/invalid/bracket-one-comma"
Directory: /Users/laurenceburden/Documents/ASU/Artificial Intelligence/Assignement 1/jansson-2.13/build
"invalid__bracket-one-comma__strip" start time: Sep 08 14:02 CDT
Output:
----------------------------------------------------------
<end of output>
Test time =   0.00 sec
----------------------------------------------------------
Test Passed.
"invalid__bracket-one-comma__strip" end time: Sep 08 14:02 CDT
"invalid__bracket-one-comma__strip" time elapsed: 00:00:00
----------------------------------------------------------

95/200 Testing: invalid__empty
95/200 Test: invalid__empty
Command: "/Users/laurenceburden/Documents/ASU/Artificial Intelligence/Assignement 1/jansson-2.13/build/bin/json_process" "/Users/laurenceburden/Documents/ASU/Artificial Intelligence/Assignement 1/jansson-2.13/test/suites/invalid/empty"
Directory: /Users/laurenceburden/Documents/ASU/Artificial Intelligence/Assignement 1/jansson-2.13/build
"invalid__empty" start time: Sep 08 14:02 CDT
Output:
----------------------------------------------------------
<end of output>
Test time =   0.00 sec
----------------------------------------------------------
Test Passed.
"invalid__empty" end time: Sep 08 14:02 CDT
"invalid__empty" time elapsed: 00:00:00
----------------------------------------------------------

96/200 Testing: invalid__empty__strip
96/200 Test: invalid__empty__strip
Command: "/Users/laurenceburden/Documents/ASU/Artificial Intelligence/Assignement 1/jansson-2.13/build/bin/json_process" "--strip" "/Users/laurenceburden/Documents/ASU/Artificial Intelligence/Assignement 1/jansson-2.13/test/suites/invalid/empty"
Directory: /Users/laurenceburden/Documents/ASU/Artificial Intelligence/Assignement 1/jansson-2.13/build
"invalid__empty__strip" start time: Sep 08 14:02 CDT
Output:
----------------------------------------------------------
<end of output>
Test time =   0.00 sec
----------------------------------------------------------
Test Passed.
"invalid__empty__strip" end time: Sep 08 14:02 CDT
"invalid__empty__strip" time elapsed: 00:00:00
----------------------------------------------------------

97/200 Testing: invalid__extra-comma-in-array
97/200 Test: invalid__extra-comma-in-array
Command: "/Users/laurenceburden/Documents/ASU/Artificial Intelligence/Assignement 1/jansson-2.13/build/bin/json_process" "/Users/laurenceburden/Documents/ASU/Artificial Intelligence/Assignement 1/jansson-2.13/test/suites/invalid/extra-comma-in-array"
Directory: /Users/laurenceburden/Documents/ASU/Artificial Intelligence/Assignement 1/jansson-2.13/build
"invalid__extra-comma-in-array" start time: Sep 08 14:02 CDT
Output:
[...]
Directory: /Users/laurenceburden/Documents/ASU/Artificial Intelligence/Assignement 1/jansson-2.13/build
"invalid__unterminated-object-and-array" start time: Sep 08 14:02 CDT
Output:
----------------------------------------------------------
<end of output>
Test time =   0.00 sec
----------------------------------------------------------
Test Passed.
"invalid__unterminated-object-and-array" end time: Sep 08 14:02 CDT
"invalid__unterminated-object-and-array" time elapsed: 00:00:00
----------------------------------------------------------

180/200 Testing: invalid__unterminated-object-and-array__strip
180/200 Test: invalid__unterminated-object-and-array__strip
Command: "/Users/laurenceburden/Documents/ASU/Artificial Intelligence/Assignement 1/jansson-2.13/build/bin/json_process" "--strip" "/Users/laurenceburden/Documents/ASU/Artificial Intelligence/Assignement 1/jansson-2.13/test/suites/invalid/unterminated-object-and-array"
Directory: /Users/laurenceburden/Documents/ASU/Artificial Intelligence/Assignement 1/jansson-2.13/build
"invalid__unterminated-object-and-array__strip" start time: Sep 08 14:02 CDT
Output:
----------------------------------------------------------
<end of output>
Test time =   0.00 sec
----------------------------------------------------------
Test Passed.
"invalid__unterminated-object-and-array__strip" end time: Sep 08 14:02 CDT
"invalid__unterminated-object-and-array__strip" time elapsed: 00:00:00
----------------------------------------------------------

181/200 Testing: invalid__unterminated-string
181/200 Test: invalid__unterminated-string
Command: "/Users/laurenceburden/Documents/ASU/Artificial Intelligence/Assignement 1/jansson-2.13/build/bin/json_process" "/Users/laurenceburden/Documents/ASU/Artificial Intelligence/Assignement 1/jansson-2.13/test/suites/invalid/unterminated-string"
Directory: /Users/laurenceburden/Documents/ASU/Artificial Intelligence/Assignement 1/jansson-2.13/build
"invalid__unterminated-string" start time: Sep 08 14:02 CDT
Output:
----------------------------------------------------------
<end of output>
Test time =   0.00 sec
----------------------------------------------------------
Test Passed.
"invalid__unterminated-string" end time: Sep 08 14:02 CDT
"invalid__unterminated-string" time elapsed: 00:00:00
----------------------------------------------------------

182/200 Testing: invalid__unterminated-string__strip
182/200 Test: invalid__unterminated-string__strip
Command: "/Users/laurenceburden/Documents/ASU/Artificial Intelligence/Assignement 1/jansson-2.13/build/bin/json_process" "--strip" "/Users/laurenceburden/Documents/ASU/Artificial Intelligence/Assignement 1/jansson-2.13/test/suites/invalid/unterminated-string"
Directory: /Users/laurenceburden/Documents/ASU/Artificial Intelligence/Assignement 1/jansson-2.13/build
"invalid__unterminated-string__strip" start time: Sep 08 14:02 CDT
Output:
----------------------------------------------------------
<end of output>
Test time =   0.00 sec
----------------------------------------------------------
Test Passed.
"invalid__unterminated-string__strip" end time: Sep 08 14:02 CDT
"invalid__unterminated-string__strip" time elapsed: 00:00:00
----------------------------------------------------------

183/200 Testing: invalid-unicode__encoded-surrogate-half
183/200 Test: invalid-unicode__encoded-surrogate-half
Command: "/Users/laurenceburden/Documents/ASU/Artificial Intelligence/Assignement 1/jansson-2.13/build/bin/json_process" "/Users/laurenceburden/Documents/ASU/Artificial Intelligence/Assignement 1/jansson-2.13/test/suites/invalid-unicode/encoded-surrogate-half"
Directory: /Users/laurenceburden/Documents/ASU/Artificial Intelligence/Assignement 1/jansson-2.13/build
"invalid-unicode__encoded-surrogate-half" start time: Sep 08 14:02 CDT
Output:
----------------------------------------------------------
<end of output>
Test time =   0.00 sec
----------------------------------------------------------
Test Passed.
"invalid-unicode__encoded-surrogate-half" end time: Sep 08 14:02 CDT
"invalid-unicode__encoded-surrogate-half" time elapsed: 00:00:00
----------------------------------------------------------

184/200 Testing: invalid-unicode__invalid-utf-8-after-backslash
184/200 Test: invalid-unicode__invalid-utf-8-after-backslash
Command: "/Users/laurenceburden/Documents/ASU/Artificial Intelligence/Assignement 1/jansson-2.13/build/bin/json_process" "/Users/laurenceburden/Documents/ASU/Artificial Intelligence/Assignement 1/jansson-2.13/test/suites/invalid-unicode/invalid-utf-8-after-backslash"
Directory: /Users/laurenceburden/Documents/ASU/Artificial Intelligence/Assignement 1/jansson-2.13/build
"invalid-unicode__invalid-utf-8-after-backslash" start time: Sep 08 14:02 CDT
Output:
----------------------------------------------------------
<end of output>
Test time =   0.00 sec
----------------------------------------------------------
Test Passed.
"invalid-unicode__invalid-utf-8-after-backslash" end time: Sep 08 14:02 CDT
"invalid-unicode__invalid-utf-8-after-backslash" time elapsed: 00:00:00
----------------------------------------------------------

185/200 Testing: invalid-unicode__invalid-utf-8-in-array
185/200 Test: invalid-unicode__invalid-utf-8-in-array
Command: "/Users/laurenceburden/Documents/ASU/Artificial Intelligence/Assignement 1/jansson-2.13/build/bin/json_process" "/Users/laurenceburden/Documents/ASU/Artificial Intelligence/Assignement 1/jansson-2.13/test/suites/invalid-unicode/invalid-utf-8-in-array"
Directory: /Users/laurenceburden/Documents/ASU/Artificial Intelligence/Assignement 1/jansson-2.13/build
"invalid-unicode__invalid-utf-8-in-array" start time: Sep 08 14:02 CDT
Output:
----------------------------------------------------------
<end of output>
Test time =   0.00 sec
----------------------------------------------------------
Test Passed.
"invalid-unicode__invalid-utf-8-in-array" end time: Sep 08 14:02 CDT
"invalid-unicode__invalid-utf-8-in-array" time elapsed: 00:00:00
----------------------------------------------------------

186/200 Testing: invalid-unicode__invalid-utf-8-in-bigger-int
186/200 Test: invalid-unicode__invalid-utf-8-in-bigger-int
Command: "/Users/laurenceburden/Documents/ASU/Artificial Intelligence/Assignement 1/jansson-2.13/build/bin/json_process" "/Users/laurenceburden/Documents/ASU/Artificial Intelligence/Assignement 1/jansson-2.13/test/suites/invalid-unicode/invalid-utf-8-in-bigger-int"
Directory: /Users/laurenceburden/Documents/ASU/Artificial Intelligence/Assignement 1/jansson-2.13/build
"invalid-unicode__invalid-utf-8-in-bigger-int" start time: Sep 08 14:02 CDT
Output:
----------------------------------------------------------
<end of output>
Test time =   0.00 sec
----------------------------------------------------------
Test Passed.
"invalid-unicode__invalid-utf-8-in-bigger-int" end time: Sep 08 14:02 CDT
"invalid-unicode__invalid-utf-8-in-bigger-int" time elapsed: 00:00:00
----------------------------------------------------------

187/200 Testing: invalid-unicode__invalid-utf-8-in-escape
187/200 Test: invalid-unicode__invalid-utf-8-in-escape
Command: "/Users/laurenceburden/Documents/ASU/Artificial Intelligence/Assignement 1/jansson-2.13/build/bin/json_process" "/Users/laurenceburden/Documents/ASU/Artificial Intelligence/Assignement 1/jansson-2.13/test/suites/invalid-unicode/invalid-utf-8-in-escape"
Directory: /Users/laurenceburden/Documents/ASU/Artificial Intelligence/Assignement 1/jansson-2.13/build
"invalid-unicode__invalid-utf-8-in-escape" start time: Sep 08 14:02 CDT
Output:
----------------------------------------------------------
<end of output>
Test time =   0.00 sec
----------------------------------------------------------
Test Passed.
"invalid-unicode__invalid-utf-8-in-escape" end time: Sep 08 14:02 CDT
"invalid-unicode__invalid-utf-8-in-escape" time elapsed: 00:00:00
----------------------------------------------------------

188/200 Testing: invalid-unicode__invalid-utf-8-in-exponent
188/200 Test: invalid-unicode__invalid-utf-8-in-exponent
Command: "/Users/laurenceburden/Documents/ASU/Artificial Intelligence/Assignement 1/jansson-2.13/build/bin/json_process" "/Users/laurenceburden/Documents/ASU/Artificial Intelligence/Assignement 1/jansson-2.13/test/suites/invalid-unicode/invalid-utf-8-in-exponent"
Directory: /Users/laurenceburden/Documents/ASU/Artificial Intelligence/Assignement 1/jansson-2.13/build
"invalid-unicode__invalid-utf-8-in-exponent" start time: Sep 08 14:02 CDT
Output:
----------------------------------------------------------
<end of output>
Test time =   0.00 sec
----------------------------------------------------------
Test Passed.
"invalid-unicode__invalid-utf-8-in-exponent" end time: Sep 08 14:02 CDT
"invalid-unicode__invalid-utf-8-in-exponent" time elapsed: 00:00:00
----------------------------------------------------------

189/200 Testing: invalid-unicode__invalid-utf-8-in-identifier
189/200 Test: invalid-unicode__invalid-utf-8-in-identifier
Command: "/Users/laurenceburden/Documents/ASU/Artificial Intelligence/Assignement 1/jansson-2.13/build/bin/json_process" "/Users/laurenceburden/Documents/ASU/Artificial Intelligence/Assignement 1/jansson-2.13/test/suites/invalid-unicode/invalid-utf-8-in-identifier"
Directory: /Users/laurenceburden/Documents/ASU/Artificial Intelligence/Assignement 1/jansson-2.13/build
"invalid-unicode__invalid-utf-8-in-identifier" start time: Sep 08 14:02 CDT
Output:
----------------------------------------------------------
<end of output>
Test time =   0.00 sec
----------------------------------------------------------
Test Passed.
"invalid-unicode__invalid-utf-8-in-identifier" end time: Sep 08 14:02 CDT
"invalid-unicode__invalid-utf-8-in-identifier" time elapsed: 00:00:00
----------------------------------------------------------

190/200 Testing: invalid-unicode__invalid-utf-8-in-int
190/200 Test: invalid-unicode__invalid-utf-8-in-int
Command: "/Users/laurenceburden/Documents/ASU/Artificial Intelligence/Assignement 1/jansson-2.13/build/bin/json_process" "/Users/laurenceburden/Documents/ASU/Artificial Intelligence/Assignement 1/jansson-2.13/test/suites/invalid-unicode/invalid-utf-8-in-int"
Directory: /Users/laurenceburden/Documents/ASU/Artificial Intelligence/Assignement 1/jansson-2.13/build
"invalid-unicode__invalid-utf-8-in-int" start time: Sep 08 14:02 CDT
Output:
----------------------------------------------------------
<end of output>
Test time =   0.00 sec
----------------------------------------------------------
Test Passed.
"invalid-unicode__invalid-utf-8-in-int" end time: Sep 08 14:02 CDT
"invalid-unicode__invalid-utf-8-in-int" time elapsed: 00:00:00
----------------------------------------------------------

191/200 Testing: invalid-unicode__invalid-utf-8-in-real-after-e
191/200 Test: invalid-unicode__invalid-utf-8-in-real-after-e
Command: "/Users/laurenceburden/Documents/ASU/Artificial Intelligence/Assignement 1/jansson-2.13/build/bin/json_process" "/Users/laurenceburden/Documents/ASU/Artificial Intelligence/Assignement 1/jansson-2.13/test/suites/invalid-unicode/invalid-utf-8-in-real-after-e"
Directory: /Users/laurenceburden/Documents/ASU/Artificial Intelligence/Assignement 1/jansson-2.13/build
"invalid-unicode__invalid-utf-8-in-real-after-e" start time: Sep 08 14:02 CDT
Output:
----------------------------------------------------------
<end of output>
Test time =   0.00 sec
----------------------------------------------------------
Test Passed.
"invalid-unicode__invalid-utf-8-in-real-after-e" end time: Sep 08 14:02 CDT
"invalid-unicode__invalid-utf-8-in-real-after-e" time elapsed: 00:00:00
----------------------------------------------------------

192/200 Testing: invalid-unicode__invalid-utf-8-in-string
192/200 Test: invalid-unicode__invalid-utf-8-in-string
Command: "/Users/laurenceburden/Documents/ASU/Artificial Intelligence/Assignement 1/jansson-2.13/build/bin/json_process" "/Users/laurenceburden/Documents/ASU/Artificial Intelligence/Assignement 1/jansson-2.13/test/suites/invalid-unicode/invalid-utf-8-in-string"
Directory: /Users/laurenceburden/Documents/ASU/Artificial Intelligence/Assignement 1/jansson-2.13/build
"invalid-unicode__invalid-utf-8-in-string" start time: Sep 08 14:02 CDT
Output:
----------------------------------------------------------
<end of output>
Test time =   0.00 sec
----------------------------------------------------------
Test Passed.
"invalid-unicode__invalid-utf-8-in-string" end time: Sep 08 14:02 CDT
"invalid-unicode__invalid-utf-8-in-string" time elapsed: 00:00:00
----------------------------------------------------------

193/200 Testing: invalid-unicode__lone-invalid-utf-8
193/200 Test: invalid-unicode__lone-invalid-utf-8
Command: "/Users/laurenceburden/Documents/ASU/Artificial Intelligence/Assignement 1/jansson-2.13/build/bin/json_process" "/Users/laurenceburden/Documents/ASU/Artificial Intelligence/Assignement 1/jansson-2.13/test/suites/invalid-unicode/lone-invalid-utf-8"
Directory: /Users/laurenceburden/Documents/ASU/Artificial Intelligence/Assignement 1/jansson-2.13/build
"invalid-unicode__lone-invalid-utf-8" start time: Sep 08 14:02 CDT
Output:
----------------------------------------------------------
<end of output>
Test time =   0.00 sec
----------------------------------------------------------
Test Passed.
"invalid-unicode__lone-invalid-utf-8" end time: Sep 08 14:02 CDT
"invalid-unicode__lone-invalid-utf-8" time elapsed: 00:00:00
----------------------------------------------------------

194/200 Testing: invalid-unicode__lone-utf-8-continuation-byte
194/200 Test: invalid-unicode__lone-utf-8-continuation-byte
Command: "/Users/laurenceburden/Documents/ASU/Artificial Intelligence/Assignement 1/jansson-2.13/build/bin/json_process" "/Users/laurenceburden/Documents/ASU/Artificial Intelligence/Assignement 1/jansson-2.13/test/suites/invalid-unicode/lone-utf-8-continuation-byte"
Directory: /Users/laurenceburden/Documents/ASU/Artificial Intelligence/Assignement 1/jansson-2.13/build
"invalid-unicode__lone-utf-8-continuation-byte" start time: Sep 08 14:02 CDT
Output:
----------------------------------------------------------
<end of output>
Test time =   0.00 sec
----------------------------------------------------------
Test Passed.
"invalid-unicode__lone-utf-8-continuation-byte" end time: Sep 08 14:02 CDT
"invalid-unicode__lone-utf-8-continuation-byte" time elapsed: 00:00:00
----------------------------------------------------------

195/200 Testing: invalid-unicode__not-in-unicode-range
195/200 Test: invalid-unicode__not-in-unicode-range
Command: "/Users/laurenceburden/Documents/ASU/Artificial Intelligence/Assignement 1/jansson-2.13/build/bin/json_process" "/Users/laurenceburden/Documents/ASU/Artificial Intelligence/Assignement 1/jansson-2.13/test/suites/invalid-unicode/not-in-unicode-range"
Directory: /Users/laurenceburden/Documents/ASU/Artificial Intelligence/Assignement 1/jansson-2.13/build
"invalid-unicode__not-in-unicode-range" start time: Sep 08 14:02 CDT
Output:
----------------------------------------------------------
<end of output>
Test time =   0.00 sec
----------------------------------------------------------
Test Passed.
"invalid-unicode__not-in-unicode-range" end time: Sep 08 14:02 CDT
"invalid-unicode__not-in-unicode-range" time elapsed: 00:00:00
----------------------------------------------------------

196/200 Testing: invalid-unicode__overlong-3-byte-encoding
196/200 Test: invalid-unicode__overlong-3-byte-encoding
Command: "/Users/laurenceburden/Documents/ASU/Artificial Intelligence/Assignement 1/jansson-2.13/build/bin/json_process" "/Users/laurenceburden/Documents/ASU/Artificial Intelligence/Assignement 1/jansson-2.13/test/suites/invalid-unicode/overlong-3-byte-encoding"
Directory: /Users/laurenceburden/Documents/ASU/Artificial Intelligence/Assignement 1/jansson-2.13/build
"invalid-unicode__overlong-3-byte-encoding" start time: Sep 08 14:02 CDT
Output:
----------------------------------------------------------
<end of output>
Test time =   0.00 sec
----------------------------------------------------------
Test Passed.
"invalid-unicode__overlong-3-byte-encoding" end time: Sep 08 14:02 CDT
"invalid-unicode__overlong-3-byte-encoding" time elapsed: 00:00:00
----------------------------------------------------------

197/200 Testing: invalid-unicode__overlong-4-byte-encoding
197/200 Test: invalid-unicode__overlong-4-byte-encoding
Command: "/Users/laurenceburden/Documents/ASU/Artificial Intelligence/Assignement 1/jansson-2.13/build/bin/json_process" "/Users/laurenceburden/Documents/ASU/Artificial Intelligence/Assignement 1/jansson-2.13/test/suites/invalid-unicode/overlong-4-byte-encoding"
Directory: /Users/laurenceburden/Documents/ASU/Artificial Intelligence/Assignement 1/jansson-2.13/build
"invalid-unicode__overlong-4-byte-encoding" start time: Sep 08 14:02 CDT
Output:
----------------------------------------------------------
<end of output>
Test time =   0.00 sec
----------------------------------------------------------
Test Passed.
"invalid-unicode__overlong-4-byte-encoding" end time: Sep 08 14:02 CDT
"invalid-unicode__overlong-4-byte-encoding" time elapsed: 00:00:00
----------------------------------------------------------

198/200 Testing: invalid-unicode__overlong-ascii-encoding
198/200 Test: invalid-unicode__overlong-ascii-encoding
Command: "/Users/laurenceburden/Documents/ASU/Artificial Intelligence/Assignement 1/jansson-2.13/build/bin/json_process" "/Users/laurenceburden/Documents/ASU/Artificial Intelligence/Assignement 1/jansson-2.13/test/suites/invalid-unicode/overlong-ascii-encoding"
Directory: /Users/laurenceburden/Documents/ASU/Artificial Intelligence/Assignement 1/jansson-2.13/build
"invalid-unicode__overlong-ascii-encoding" start time: Sep 08 14:02 CDT
Output:
----------------------------------------------------------
<end of output>
Test time =   0.00 sec
----------------------------------------------------------
Test Passed.
"invalid-unicode__overlong-ascii-encoding" end time: Sep 08 14:02 CDT
"invalid-unicode__overlong-ascii-encoding" time elapsed: 00:00:00
----------------------------------------------------------

199/200 Testing: invalid-unicode__restricted-utf-8
199/200 Test: invalid-unicode__restricted-utf-8
Command: "/Users/laurenceburden/Documents/ASU/Artificial Intelligence/Assignement 1/jansson-2.13/build/bin/json_process" "/Users/laurenceburden/Documents/ASU/Artificial Intelligence/Assignement 1/jansson-2.13/test/suites/invalid-unicode/restricted-utf-8"
Directory: /Users/laurenceburden/Documents/ASU/Artificial Intelligence/Assignement 1/jansson-2.13/build
"invalid-unicode__restricted-utf-8" start time: Sep 08 14:02 CDT
Output:
----------------------------------------------------------
<end of output>
Test time =   0.00 sec
----------------------------------------------------------
Test Passed.
"invalid-unicode__restricted-utf-8" end time: Sep 08 14:02 CDT
"invalid-unicode__restricted-utf-8" time elapsed: 00:00:00
----------------------------------------------------------

200/200 Testing: invalid-unicode__truncated-utf-8
200/200 Test: invalid-unicode__truncated-utf-8
Command: "/Users/laurenceburden/Documents/ASU/Artificial Intelligence/Assignement 1/jansson-2.13/build/bin/json_process" "/Users/laurenceburden/Documents/ASU/Artificial Intelligence/Assignement 1/jansson-2.13/test/suites/invalid-unicode/truncated-utf-8"
Directory: /Users/laurenceburden/Documents/ASU/Artificial Intelligence/Assignement 1/jansson-2.13/build
"invalid-unicode__truncated-utf-8" start time: Sep 08 14:02 CDT
Output:
----------------------------------------------------------
<end of output>
Test time =   0.00 sec
----------------------------------------------------------
Test Passed.
"invalid-unicode__truncated-utf-8" end time: Sep 08 14:02 CDT
"invalid-unicode__truncated-utf-8" time elapsed: 00:00:00
----------------------------------------------------------

End testing: Sep 08 14:02 CDT
